RESTART: Moving ureas_di_O_Cs_sigma to ureas_di_O_Cs_sigma.res and restarting from it
[05.03|21:19:26] PLAMS working folder: /scistor/tc/slz230/Promotie/Squaramides/manual_calculations/calcs/ureas_di_O_Cs_sigma/ureas_di_O_Cs_sigma
[05.03|21:19:33] JOB frag1.00001 STARTED
[05.03|21:19:33] Job frag1.00001 previously run as frag1.00015, using old results
[05.03|21:19:33] JOB frag1.00001 COPIED
[05.03|21:19:33] JOB frag2.00001 STARTED
[05.03|21:19:33] Job frag2.00001 previously run as frag2.00001, using old results
[05.03|21:19:33] JOB frag2.00001 COPIED
[05.03|21:19:34] JOB complex.00001 STARTED
[05.03|21:19:34] JOB complex.00001 RUNNING
[05.03|21:20:43] JOB complex.00001 FINISHED
[05.03|21:20:44] JOB complex.00001 SUCCESSFUL
  #IRC  
  EnergyTotal        
  Disp                
  Elstat              
  Int              
  OI                   
  Pauli               
  StrainTotal         
  bondlength          
  frag1Strain          
  frag2Strain          

  1     
  51.91402261295399  
  -4.345129845843876  
  -72.13524757845317  
  51.611987604938  
  -40.347741633256966  
  168.44011040043355  
  0.3020350080159915  
  -0.997998803827941  
  0.06003430685177591  
  0.24200070116421557  

[05.03|21:20:44] JOB frag1.00002 STARTED
[05.03|21:20:44] Job frag1.00002 previously run as frag1.00015, using old results
[05.03|21:20:44] JOB frag1.00002 COPIED
[05.03|21:20:44] JOB frag2.00002 STARTED
[05.03|21:20:44] Job frag2.00002 previously run as frag2.00002, using old results
[05.03|21:20:44] JOB frag2.00002 COPIED
[05.03|21:20:45] JOB complex.00002 STARTED
[05.03|21:20:45] JOB complex.00002 RUNNING
[05.03|21:21:55] JOB complex.00002 FINISHED
[05.03|21:21:55] JOB complex.00002 SUCCESSFUL
  #IRC  
  EnergyTotal         
  Disp                
  Elstat               
  Int               
  OI                  
  Pauli               
  StrainTotal          
  bondlength           
  frag1Strain          
  frag2Strain          

  2     
  37.063420164134506  
  -4.232502701319609  
  -60.983004881548474  
  36.7613851559282  
  -33.78667180856175  
  135.76356485188887  
  0.30203500820630325  
  -0.9146654997505235  
  0.06003430685177591  
  0.24200070135452734  

[05.03|21:21:55] JOB frag1.00003 STARTED
[05.03|21:21:55] Job frag1.00003 previously run as frag1.00015, using old results
[05.03|21:21:56] JOB frag1.00003 COPIED
[05.03|21:21:56] JOB frag2.00003 STARTED
[05.03|21:21:56] Job frag2.00003 previously run as frag2.00003, using old results
[05.03|21:21:56] JOB frag2.00003 COPIED
[05.03|21:21:56] JOB complex.00003 STARTED
[05.03|21:21:56] JOB complex.00003 RUNNING
[05.03|21:23:03] JOB complex.00003 FINISHED
[05.03|21:23:03] JOB complex.00003 SUCCESSFUL
  #IRC  
  EnergyTotal         
  Disp                
  Elstat             
  Int                
  OI                  
  Pauli               
  StrainTotal         
  bondlength           
  frag1Strain          
  frag2Strain         

  3     
  25.222655333109856  
  -4.065218448651357  
  -51.5522958302438  
  24.92062032508636  
  -28.17292332899874  
  108.71105306778394  
  0.3020350080234948  
  -0.8313321845733901  
  0.06003430685177591  
  0.2420007011717189  

[05.03|21:23:03] JOB frag1.00004 STARTED
[05.03|21:23:03] Job frag1.00004 previously run as frag1.00015, using old results
[05.03|21:23:03] JOB frag1.00004 COPIED
[05.03|21:23:03] JOB frag2.00004 STARTED
[05.03|21:23:03] Job frag2.00004 previously run as frag2.00004, using old results
[05.03|21:23:03] JOB frag2.00004 COPIED
[05.03|21:23:03] JOB complex.00004 STARTED
[05.03|21:23:03] JOB complex.00004 RUNNING
[05.03|21:24:12] JOB complex.00004 FINISHED
[05.03|21:24:12] JOB complex.00004 SUCCESSFUL
  #IRC  
  EnergyTotal        
  Disp                 
  Elstat               
  Int                 
  OI                 
  Pauli              
  StrainTotal          
  bondlength           
  frag1Strain          
  frag2Strain          

  4     
  15.92550435131284  
  -3.8603095948113033  
  -43.621248761961404  
  15.623469343275021  
  -23.4093643676826  
  86.51438786037964  
  0.30203500803781935  
  -0.7479988783650624  
  0.06003430685177591  
  0.24200070118604344  

[05.03|21:24:13] JOB frag1.00005 STARTED
[05.03|21:24:13] Job frag1.00005 previously run as frag1.00015, using old results
[05.03|21:24:13] JOB frag1.00005 COPIED
[05.03|21:24:13] JOB frag2.00005 STARTED
[05.03|21:24:13] Job frag2.00005 previously run as frag2.00005, using old results
[05.03|21:24:13] JOB frag2.00005 COPIED
[05.03|21:24:13] JOB complex.00005 STARTED
[05.03|21:24:13] JOB complex.00005 RUNNING
[05.03|21:25:20] JOB complex.00005 FINISHED
[05.03|21:25:20] JOB complex.00005 SUCCESSFUL
  #IRC  
  EnergyTotal        
  Disp                 
  Elstat               
  Int                
  OI                   
  Pauli              
  StrainTotal        
  bondlength           
  frag1Strain          
  frag2Strain         

  5     
  8.728741246143661  
  -3.6447389632874576  
  -36.987471397864326  
  8.426706238089016  
  -19.398563421878787  
  68.45748071104488  
  0.302035008054645  
  -0.6646655711884915  
  0.06003430685177591  
  0.2420007012028691  

[05.03|21:25:20] JOB frag1.00006 STARTED
[05.03|21:25:20] Job frag1.00006 previously run as frag1.00015, using old results
[05.03|21:25:20] JOB frag1.00006 COPIED
[05.03|21:25:20] JOB frag2.00006 STARTED
[05.03|21:25:20] Job frag2.00006 previously run as frag2.00006, using old results
[05.03|21:25:20] JOB frag2.00006 COPIED
[05.03|21:25:20] JOB complex.00006 STARTED
[05.03|21:25:20] JOB complex.00006 RUNNING
[05.03|21:26:27] JOB complex.00006 FINISHED
[05.03|21:26:27] JOB complex.00006 SUCCESSFUL
  #IRC  
  EnergyTotal         
  Disp                 
  Elstat              
  Int                 
  OI                  
  Pauli               
  StrainTotal        
  bondlength           
  frag1Strain          
  frag2Strain         

  6     
  3.2515102732915357  
  -3.4289983512130098  
  -31.46217553460821  
  2.9494752652143807  
  -16.04485265043965  
  53.885504412234255  
  0.302035008077155  
  -0.5813322531016079  
  0.06003430685177591  
  0.2420007012253791  

[05.03|21:26:27] JOB frag1.00007 STARTED
[05.03|21:26:27] Job frag1.00007 previously run as frag1.00015, using old results
[05.03|21:26:27] JOB frag1.00007 COPIED
[05.03|21:26:27] JOB frag2.00007 STARTED
[05.03|21:26:27] Job frag2.00007 previously run as frag2.00007, using old results
[05.03|21:26:27] JOB frag2.00007 COPIED
[05.03|21:26:28] JOB complex.00007 STARTED
[05.03|21:26:28] JOB complex.00007 RUNNING
[05.03|21:27:36] JOB complex.00007 FINISHED
[05.03|21:27:36] JOB complex.00007 SUCCESSFUL
  #IRC  
  EnergyTotal          
  Disp                 
  Elstat              
  Int                  
  OI                  
  Pauli               
  StrainTotal         
  bondlength            
  frag1Strain          
  frag2Strain          

  7     
  -0.8355328165957903  
  -3.2170929505390786  
  -26.87597798462147  
  -1.1375678245599405  
  -13.25755290995102  
  42.213057684496576  
  0.3020350079641503  
  -0.49799894415780344  
  0.06003430685177591  
  0.24200070111237437  

[05.03|21:27:36] JOB frag1.00008 STARTED
[05.03|21:27:36] Job frag1.00008 previously run as frag1.00015, using old results
[05.03|21:27:36] JOB frag1.00008 COPIED
[05.03|21:27:36] JOB frag2.00008 STARTED
[05.03|21:27:36] Job frag2.00008 previously run as frag2.00008, using old results
[05.03|21:27:36] JOB frag2.00008 COPIED
[05.03|21:27:37] JOB complex.00008 STARTED
[05.03|21:27:37] JOB complex.00008 RUNNING
[05.03|21:28:44] JOB complex.00008 FINISHED
[05.03|21:28:44] JOB complex.00008 SUCCESSFUL
  #IRC  
  EnergyTotal          
  Disp                
  Elstat              
  Int                 
  OI                   
  Pauli              
  StrainTotal         
  bondlength            
  frag1Strain          
  frag2Strain          

  8     
  -3.8118855459626886  
  -3.010871936614575  
  -23.07808447837239  
  -4.113920554267217  
  -10.951779237696472  
  32.92681609710527  
  0.3020350083045287  
  -0.41466563440638193  
  0.06003430685177591  
  0.24200070145275276  

[05.03|21:28:45] JOB frag1.00009 STARTED
[05.03|21:28:45] Job frag1.00009 previously run as frag1.00015, using old results
[05.03|21:28:45] JOB frag1.00009 COPIED
[05.03|21:28:45] JOB frag2.00009 STARTED
[05.03|21:28:45] Job frag2.00009 previously run as frag2.00009, using old results
[05.03|21:28:45] JOB frag2.00009 COPIED
[05.03|21:28:46] JOB complex.00009 STARTED
[05.03|21:28:46] JOB complex.00009 RUNNING
[05.03|21:29:52] JOB complex.00009 FINISHED
[05.03|21:29:52] JOB complex.00009 SUCCESSFUL
  #IRC  
  EnergyTotal         
  Disp                 
  Elstat              
  Int                 
  OI                  
  Pauli              
  StrainTotal          
  bondlength            
  frag1Strain          
  frag2Strain          

  9     
  -5.910265234829214  
  -2.8113711237451464  
  -19.93625337296349  
  -6.212300242925013  
  -9.051879500723244  
  25.58720521037719  
  0.30203500809579964  
  -0.33133231389293716  
  0.06003430685177591  
  0.24200070124402373  

[05.03|21:29:52] JOB frag1.00010 STARTED
[05.03|21:29:52] Job frag1.00010 previously run as frag1.00015, using old results
[05.03|21:29:52] JOB frag1.00010 COPIED
[05.03|21:29:53] JOB frag2.00010 STARTED
[05.03|21:29:53] Job frag2.00010 previously run as frag2.00010, using old results
[05.03|21:29:53] JOB frag2.00010 COPIED
[05.03|21:29:53] JOB complex.00010 STARTED
[05.03|21:29:53] JOB complex.00010 RUNNING
[05.03|21:31:01] JOB complex.00010 FINISHED
[05.03|21:31:01] JOB complex.00010 SUCCESSFUL
  #IRC  
  EnergyTotal         
  Disp                
  Elstat               
  Int                
  OI                  
  Pauli               
  StrainTotal          
  bondlength          
  frag1Strain          
  frag2Strain          

  10    
  -7.324166366724479  
  -2.619265541868008  
  -17.337129607629297  
  -7.62620137489895  
  -7.490490443490082  
  19.820685795980413  
  0.30203500817447093  
  -0.247999002659685  
  0.06003430685177591  
  0.24200070132269502  

[05.03|21:31:01] JOB frag1.00011 STARTED
[05.03|21:31:01] Job frag1.00011 previously run as frag1.00015, using old results
[05.03|21:31:01] JOB frag1.00011 COPIED
[05.03|21:31:01] JOB frag2.00011 STARTED
[05.03|21:31:01] Job frag2.00011 previously run as frag2.00011, using old results
[05.03|21:31:01] JOB frag2.00011 COPIED
[05.03|21:31:01] JOB complex.00011 STARTED
[05.03|21:31:01] JOB complex.00011 RUNNING
[05.03|21:32:08] JOB complex.00011 FINISHED
[05.03|21:32:08] JOB complex.00011 SUCCESSFUL
  #IRC  
  EnergyTotal         
  Disp                 
  Elstat               
  Int                 
  OI                   
  Pauli               
  StrainTotal         
  bondlength            
  frag1Strain          
  frag2Strain          

  11    
  -8.212209968098882  
  -2.4350440765428494  
  -15.184078013248513  
  -8.514244976339064  
  -6.2086096662821815  
  15.313487587743252  
  0.3020350082401819  
  -0.16466569074578796  
  0.06003430685177591  
  0.24200070138840601  

[05.03|21:32:08] JOB frag1.00012 STARTED
[05.03|21:32:08] Job frag1.00012 previously run as frag1.00015, using old results
[05.03|21:32:08] JOB frag1.00012 COPIED
[05.03|21:32:08] JOB frag2.00012 STARTED
[05.03|21:32:08] Job frag2.00012 previously run as frag2.00012, using old results
[05.03|21:32:08] JOB frag2.00012 COPIED
[05.03|21:32:09] JOB complex.00012 STARTED
[05.03|21:32:09] JOB complex.00012 RUNNING
[05.03|21:33:16] JOB complex.00012 FINISHED
[05.03|21:33:16] JOB complex.00012 SUCCESSFUL
  #IRC  
  EnergyTotal         
  Disp                
  Elstat               
  Int                
  OI                  
  Pauli               
  StrainTotal          
  bondlength            
  frag1Strain          
  frag2Strain          

  12    
  -8.701433608625354  
  -2.259080990674695  
  -13.395419776698914  
  -9.00346861683757  
  -5.156475135418717  
  11.807507113919305  
  0.30203500821221496  
  -0.08133236818761791  
  0.06003430685177591  
  0.24200070136043905  

[05.03|21:33:16] JOB frag1.00013 STARTED
[05.03|21:33:16] Job frag1.00013 previously run as frag1.00015, using old results
[05.03|21:33:16] JOB frag1.00013 COPIED
[05.03|21:33:16] JOB frag2.00013 STARTED
[05.03|21:33:16] Job frag2.00013 previously run as frag2.00013, using old results
[05.03|21:33:16] JOB frag2.00013 COPIED
[05.03|21:33:17] JOB complex.00013 STARTED
[05.03|21:33:17] JOB complex.00013 RUNNING
[05.03|21:34:20] JOB complex.00013 FINISHED
[05.03|21:34:20] JOB complex.00013 SUCCESSFUL
  #IRC  
  EnergyTotal         
  Disp               
  Elstat               
  Int                 
  OI                   
  Pauli             
  StrainTotal          
  bondlength            
  frag1Strain          
  frag2Strain          

  13    
  -8.894119274831763  
  -2.09166146408695  
  -11.903793192682246  
  -9.196154282885953  
  -4.2935292990081475  
  9.09282914573203  
  0.30203500805419026  
  0.002000944981006114  
  0.06003430685177591  
  0.24200070120241435  

[05.03|21:34:21] JOB frag1.00014 STARTED
[05.03|21:34:21] Job frag1.00014 previously run as frag1.00015, using old results
[05.03|21:34:21] JOB frag1.00014 COPIED
[05.03|21:34:21] JOB frag2.00014 STARTED
[05.03|21:34:21] Job frag2.00014 previously run as frag2.00014, using old results
[05.03|21:34:21] JOB frag2.00014 COPIED
[05.03|21:34:21] JOB complex.00014 STARTED
[05.03|21:34:21] JOB complex.00014 RUNNING
[05.03|21:35:26] JOB complex.00014 FINISHED
[05.03|21:35:26] JOB complex.00014 SUCCESSFUL
  #IRC  
  EnergyTotal         
  Disp                 
  Elstat               
  Int                 
  OI                   
  Pauli              
  StrainTotal         
  bondlength          
  frag1Strain          
  frag2Strain          

  14    
  -8.871133479106833  
  -1.9329846753741975  
  -10.654049557053701  
  -9.173168487423867  
  -3.5845210175873046  
  6.998386382388143  
  0.3020350083170342  
  0.0853342587285848  
  0.06003430685177591  
  0.24200070146525832  

[05.03|21:35:26] JOB frag1.00015 STARTED
[05.03|21:35:26] Job frag1.00015 previously run as frag1.00015, using old results
[05.03|21:35:26] JOB frag1.00015 COPIED
[05.03|21:35:26] JOB frag2.00015 STARTED
[05.03|21:35:26] Job frag2.00015 previously run as frag2.00015, using old results
[05.03|21:35:27] JOB frag2.00015 COPIED
[05.03|21:35:27] JOB complex.00015 STARTED
[05.03|21:35:27] JOB complex.00015 RUNNING
[05.03|21:36:31] JOB complex.00015 FINISHED
[05.03|21:36:31] JOB complex.00015 SUCCESSFUL
  #IRC  
  EnergyTotal        
  Disp                 
  Elstat             
  Int                 
  OI                   
  Pauli              
  StrainTotal         
  bondlength           
  frag1Strain          
  frag2Strain          

  15    
  -8.69487957318304  
  -1.7831574235953636  
  -9.60104406571458  
  -8.996914581315675  
  -3.0013314176976826  
  5.388618284587127  
  0.3020350081326342  
  0.16866758302574958  
  0.06003430685177591  
  0.24200070128085827  

[05.03|21:36:31] JOB frag1.00016 STARTED
[05.03|21:36:31] Job frag1.00016 previously run as frag1.00015, using old results
[05.03|21:36:31] JOB frag1.00016 COPIED
[05.03|21:36:31] JOB frag2.00016 STARTED
[05.03|21:36:31] Job frag2.00016 previously run as frag2.00016, using old results
[05.03|21:36:31] JOB frag2.00016 COPIED
[05.03|21:36:32] JOB complex.00016 STARTED
[05.03|21:36:32] JOB complex.00016 RUNNING
[05.03|21:37:35] JOB complex.00016 FINISHED
[05.03|21:37:35] JOB complex.00016 SUCCESSFUL
  #IRC  
  EnergyTotal         
  Disp                 
  Elstat              
  Int                
  OI                   
  Pauli              
  StrainTotal         
  bondlength          
  frag1Strain          
  frag2Strain         

  16    
  -8.413306179045565  
  -1.6421862959894922  
  -8.708074595359529  
  -8.71534118712522  
  -2.5213016151342726  
  4.156221541472879  
  0.3020350080796561  
  0.2520008978450905  
  0.06003430685177591  
  0.2420007012278802  

[05.03|21:37:35] JOB frag1.00017 STARTED
[05.03|21:37:35] Job frag1.00017 previously run as frag1.00015, using old results
[05.03|21:37:36] JOB frag1.00017 COPIED
[05.03|21:37:36] JOB frag2.00017 STARTED
[05.03|21:37:36] Job frag2.00017 previously run as frag2.00017, using old results
[05.03|21:37:36] JOB frag2.00017 COPIED
[05.03|21:37:36] JOB complex.00017 STARTED
[05.03|21:37:36] JOB complex.00017 RUNNING
[05.03|21:38:40] JOB complex.00017 FINISHED
[05.03|21:38:40] JOB complex.00017 SUCCESSFUL
  #IRC  
  EnergyTotal         
  Disp                 
  Elstat              
  Int                 
  OI                   
  Pauli               
  StrainTotal         
  bondlength          
  frag1Strain          
  frag2Strain         

  17    
  -8.064394418484719  
  -1.5099739984928071  
  -7.945447503352096  
  -8.366429426562556  
  -2.1246500403119586  
  3.2136424028938735  
  0.3020350080778371  
  0.3353342131609862  
  0.06003430685177591  
  0.2420007012260612  

[05.03|21:38:41] JOB frag1.00018 STARTED
[05.03|21:38:41] Job frag1.00018 previously run as frag1.00015, using old results
[05.03|21:38:41] JOB frag1.00018 COPIED
[05.03|21:38:41] JOB frag2.00018 STARTED
[05.03|21:38:41] Job frag2.00018 previously run as frag2.00018, using old results
[05.03|21:38:41] JOB frag2.00018 COPIED
[05.03|21:38:41] JOB complex.00018 STARTED
[05.03|21:38:41] JOB complex.00018 RUNNING
[05.03|21:39:43] JOB complex.00018 FINISHED
[05.03|21:39:44] JOB complex.00018 SUCCESSFUL
  #IRC  
  EnergyTotal        
  Disp                 
  Elstat              
  Int                 
  OI                  
  Pauli               
  StrainTotal         
  bondlength           
  frag1Strain          
  frag2Strain          

  18    
  -7.67526978095886  
  -1.3863237596119453  
  -7.289225989727432  
  -7.977304789077625  
  -1.796809848587704  
  2.4950548884930535  
  0.3020350081187644  
  0.41866753894946207  
  0.06003430685177591  
  0.24200070126698847  

[05.03|21:39:44] JOB frag1.00019 STARTED
[05.03|21:39:44] Job frag1.00019 previously run as frag1.00015, using old results
[05.03|21:39:44] JOB frag1.00019 COPIED
[05.03|21:39:44] JOB frag2.00019 STARTED
[05.03|21:39:44] Job frag2.00019 previously run as frag2.00019, using old results
[05.03|21:39:44] JOB frag2.00019 COPIED
[05.03|21:39:44] JOB complex.00019 STARTED
[05.03|21:39:44] JOB complex.00019 RUNNING
[05.03|21:40:48] JOB complex.00019 FINISHED
[05.03|21:40:48] JOB complex.00019 SUCCESSFUL
  #IRC  
  EnergyTotal         
  Disp                 
  Elstat              
  Int                 
  OI                   
  Pauli              
  StrainTotal          
  bondlength          
  frag1Strain          
  frag2Strain          

  19    
  -7.265240489525141  
  -1.2709528627697906  
  -6.720247142011328  
  -7.567275497811707  
  -1.5251795774589765  
  1.949103888205299  
  0.30203500828656615  
  0.5020008551880712  
  0.06003430685177591  
  0.24200070143479024  

[05.03|21:40:48] JOB frag1.00020 STARTED
[05.03|21:40:48] Job frag1.00020 previously run as frag1.00015, using old results
[05.03|21:40:48] JOB frag1.00020 COPIED
[05.03|21:40:48] JOB frag2.00020 STARTED
[05.03|21:40:48] Job frag2.00020 previously run as frag2.00020, using old results
[05.03|21:40:48] JOB frag2.00020 COPIED
[05.03|21:40:49] JOB complex.00020 STARTED
[05.03|21:40:49] JOB complex.00020 RUNNING
[05.03|21:41:51] JOB complex.00020 FINISHED
[05.03|21:41:51] JOB complex.00020 SUCCESSFUL
  #IRC  
  EnergyTotal         
  Disp                 
  Elstat              
  Int                 
  OI                   
  Pauli               
  StrainTotal          
  bondlength          
  frag1Strain          
  frag2Strain          

  20    
  -6.850522107450297  
  -1.1635140381689806  
  -6.223131998004542  
  -7.152557115622722  
  -1.2993493352263026  
  1.5334380050128025  
  0.30203500817242457  
  0.5853341718557585  
  0.06003430685177591  
  0.24200070132064866  

[05.03|21:41:51] JOB frag1.00021 STARTED
[05.03|21:41:51] Job frag1.00021 previously run as frag1.00015, using old results
[05.03|21:41:51] JOB frag1.00021 COPIED
[05.03|21:41:51] JOB frag2.00021 STARTED
[05.03|21:41:51] Job frag2.00021 previously run as frag2.00021, using old results
[05.03|21:41:51] JOB frag2.00021 COPIED
[05.03|21:41:52] JOB complex.00021 STARTED
[05.03|21:41:52] JOB complex.00021 RUNNING
[05.03|21:42:55] JOB complex.00021 FINISHED
[05.03|21:42:55] JOB complex.00021 SUCCESSFUL
  #IRC  
  EnergyTotal         
  Disp                 
  Elstat               
  Int                 
  OI                   
  Pauli              
  StrainTotal          
  bondlength         
  frag1Strain          
  frag2Strain          

  21    
  -6.441558157948327  
  -1.0636217893502709  
  -5.7857996107974206  
  -6.743593166074367  
  -1.1109761821356516  
  1.216804291697148  
  0.30203500812604034  
  0.668667498932761  
  0.06003430685177591  
  0.24200070127426443  

[05.03|21:42:55] JOB frag1.00022 STARTED
[05.03|21:42:55] Job frag1.00022 previously run as frag1.00015, using old results
[05.03|21:42:55] JOB frag1.00022 COPIED
[05.03|21:42:55] JOB frag2.00022 STARTED
[05.03|21:42:55] Job frag2.00022 previously run as frag2.00022, using old results
[05.03|21:42:55] JOB frag2.00022 COPIED
[05.03|21:42:55] JOB complex.00022 STARTED
[05.03|21:42:55] JOB complex.00022 RUNNING
[05.03|21:43:57] JOB complex.00022 FINISHED
[05.03|21:43:57] JOB complex.00022 SUCCESSFUL
  #IRC  
  EnergyTotal         
  Disp                 
  Elstat              
  Int                 
  OI                  
  Pauli               
  StrainTotal         
  bondlength          
  frag1Strain          
  frag2Strain          

  22    
  -6.044716963896208  
  -0.9708790996120998  
  -5.398133025267116  
  -6.346751972122975  
  -0.953378064107566  
  0.9756381743567485  
  0.3020350082267669  
  0.7520008164005203  
  0.06003430685177591  
  0.24200070137499097  

[05.03|21:43:58] JOB frag1.00023 STARTED
[05.03|21:43:58] Job frag1.00023 previously run as frag1.00015, using old results
[05.03|21:43:58] JOB frag1.00023 COPIED
[05.03|21:43:58] JOB frag2.00023 STARTED
[05.03|21:43:58] Job frag2.00023 previously run as frag2.00023, using old results
[05.03|21:43:58] JOB frag2.00023 COPIED
[05.03|21:43:58] JOB complex.00023 STARTED
[05.03|21:43:58] JOB complex.00023 RUNNING
[05.03|21:45:00] JOB complex.00023 FINISHED
[05.03|21:45:00] JOB complex.00023 SUCCESSFUL
  #IRC  
  EnergyTotal         
  Disp                
  Elstat               
  Int                  
  OI                  
  Pauli               
  StrainTotal         
  bondlength         
  frag1Strain          
  frag2Strain         

  23    
  -5.665386136365046  
  -0.884899941517588  
  -5.0521751964253525  
  -5.9674211444965435  
  -0.821851396115518  
  0.7915053204025649  
  0.3020350081314973  
  0.835334134241573  
  0.06003430685177591  
  0.2420007012797214  

[05.03|21:45:01] JOB frag1.00024 STARTED
[05.03|21:45:01] Job frag1.00024 previously run as frag1.00015, using old results
[05.03|21:45:01] JOB frag1.00024 COPIED
[05.03|21:45:01] JOB frag2.00024 STARTED
[05.03|21:45:01] Job frag2.00024 previously run as frag2.00024, using old results
[05.03|21:45:01] JOB frag2.00024 COPIED
[05.03|21:45:01] JOB complex.00024 STARTED
[05.03|21:45:01] JOB complex.00024 RUNNING
[05.03|21:46:12] JOB complex.00024 FINISHED
[05.03|21:46:12] JOB complex.00024 SUCCESSFUL
  #IRC  
  EnergyTotal         
  Disp                 
  Elstat              
  Int                 
  OI                  
  Pauli               
  StrainTotal         
  bondlength          
  frag1Strain          
  frag2Strain         

  24    
  -5.305987372278815  
  -0.8053243592229652  
  -4.741579536473109  
  -5.608022380424864  
  -0.711257116182919  
  0.6501385044358483  
  0.3020350081460492  
  0.9186674624394833  
  0.06003430685177591  
  0.2420007012942733  

[05.03|21:46:12] JOB frag1.00025 STARTED
[05.03|21:46:12] Job frag1.00025 previously run as frag1.00015, using old results
[05.03|21:46:12] JOB frag1.00025 COPIED
[05.03|21:46:12] JOB frag2.00025 STARTED
[05.03|21:46:12] Job frag2.00025 previously run as frag2.00025, using old results
[05.03|21:46:12] JOB frag2.00025 COPIED
[05.03|21:46:12] JOB complex.00025 STARTED
[05.03|21:46:12] JOB complex.00025 RUNNING
[05.03|21:47:13] JOB complex.00025 FINISHED
[05.03|21:47:13] JOB complex.00025 SUCCESSFUL
  #IRC  
  EnergyTotal         
  Disp                 
  Elstat             
  Int                 
  OI                   
  Pauli               
  StrainTotal          
  bondlength          
  frag1Strain          
  frag2Strain          

  25    
  -4.967411606755185  
  -0.7318244397369518  
  -4.46083697830878  
  -5.269446614988091  
  -0.6175012557625021  
  0.5407159140656206  
  0.30203500823290597  
  1.0020007809787739  
  0.06003430685177591  
  0.24200070138113006  

[05.03|21:47:13] JOB frag1.00026 STARTED
[05.03|21:47:13] Job frag1.00026 previously run as frag1.00015, using old results
[05.03|21:47:13] JOB frag1.00026 COPIED
[05.03|21:47:14] JOB frag2.00026 STARTED
[05.03|21:47:14] Job frag2.00026 previously run as frag2.00026, using old results
[05.03|21:47:14] JOB frag2.00026 COPIED
[05.03|21:47:14] JOB complex.00026 STARTED
[05.03|21:47:14] JOB complex.00026 RUNNING
[05.03|21:48:17] JOB complex.00026 FINISHED
[05.03|21:48:17] JOB complex.00026 SUCCESSFUL
  #IRC  
  EnergyTotal         
  Disp                 
  Elstat              
  Int                 
  OI                   
  Pauli                
  StrainTotal         
  bondlength          
  frag1Strain          
  frag2Strain         

  26    
  -4.650895545341115  
  -0.6641017290303705  
  -4.205932318607723  
  -4.952930553546963  
  -0.5387794043013147  
  0.45588276484042684  
  0.3020350082058485  
  1.0853340998448404  
  0.06003430685177591  
  0.2420007013540726  

[05.03|21:48:17] JOB frag1.00027 STARTED
[05.03|21:48:17] Job frag1.00027 previously run as frag1.00015, using old results
[05.03|21:48:17] JOB frag1.00027 COPIED
[05.03|21:48:17] JOB frag2.00027 STARTED
[05.03|21:48:17] Job frag2.00027 previously run as frag2.00027, using old results
[05.03|21:48:17] JOB frag2.00027 COPIED
[05.03|21:48:17] JOB complex.00027 STARTED
[05.03|21:48:18] JOB complex.00027 RUNNING
[05.03|21:49:18] JOB complex.00027 FINISHED
[05.03|21:49:18] JOB complex.00027 SUCCESSFUL
  #IRC  
  EnergyTotal          
  Disp                 
  Elstat              
  Int                 
  OI                   
  Pauli               
  StrainTotal         
  bondlength          
  frag1Strain          
  frag2Strain         

  27    
  -4.3560873483275495  
  -0.6018787155939441  
  -3.973295571214423  
  -4.658122356629122  
  -0.4720840073396197  
  0.3891358118186523  
  0.3020350083015728  
  1.1686674290239019  
  0.06003430685177591  
  0.2420007014497969  

[05.03|21:49:19] JOB frag1.00028 STARTED
[05.03|21:49:19] Job frag1.00028 previously run as frag1.00015, using old results
[05.03|21:49:19] JOB frag1.00028 COPIED
[05.03|21:49:19] JOB frag2.00028 STARTED
[05.03|21:49:19] Job frag2.00028 previously run as frag2.00028, using old results
[05.03|21:49:19] JOB frag2.00028 COPIED
[05.03|21:49:19] JOB complex.00028 STARTED
[05.03|21:49:19] JOB complex.00028 RUNNING
[05.03|21:50:26] JOB complex.00028 FINISHED
[05.03|21:50:26] JOB complex.00028 SUCCESSFUL
  #IRC  
  EnergyTotal         
  Disp                 
  Elstat              
  Int                 
  OI                    
  Pauli               
  StrainTotal         
  bondlength          
  frag1Strain          
  frag2Strain         

  28    
  -4.082546694892996  
  -0.5448876898677381  
  -3.760079232073155  
  -4.384581702963103  
  -0.41469795334340315  
  0.3350830610674323  
  0.3020350080701064  
  1.2520007485029474  
  0.06003430685177591  
  0.2420007012183305  

[05.03|21:50:26] JOB frag1.00029 STARTED
[05.03|21:50:26] Job frag1.00029 previously run as frag1.00015, using old results
[05.03|21:50:26] JOB frag1.00029 COPIED
[05.03|21:50:26] JOB frag2.00029 STARTED
[05.03|21:50:26] Job frag2.00029 previously run as frag2.00029, using old results
[05.03|21:50:26] JOB frag2.00029 COPIED
[05.03|21:50:27] JOB complex.00029 STARTED
[05.03|21:50:27] JOB complex.00029 RUNNING
[05.03|21:51:27] JOB complex.00029 FINISHED
[05.03|21:51:27] JOB complex.00029 SUCCESSFUL
  #IRC  
  EnergyTotal          
  Disp                 
  Elstat               
  Int                 
  OI                   
  Pauli               
  StrainTotal          
  bondlength          
  frag1Strain          
  frag2Strain          

  29    
  -3.8292286081737563  
  -0.4928602448832462  
  -3.5639728575701937  
  -4.131263616297978  
  -0.3659688097991563  
  0.2915382059514402  
  0.30203500812422135  
  1.3353340682696704  
  0.06003430685177591  
  0.24200070127244544  

[05.03|21:51:27] JOB frag1.00030 STARTED
[05.03|21:51:27] Job frag1.00030 previously run as frag1.00015, using old results
[05.03|21:51:27] JOB frag1.00030 COPIED
[05.03|21:51:27] JOB frag2.00030 STARTED
[05.03|21:51:27] Job frag2.00030 previously run as frag2.00030, using old results
[05.03|21:51:27] JOB frag2.00030 COPIED
[05.03|21:51:27] JOB complex.00030 STARTED
[05.03|21:51:27] JOB complex.00030 RUNNING
[05.03|21:52:29] JOB complex.00030 FINISHED
[05.03|21:52:29] JOB complex.00030 SUCCESSFUL
  #IRC  
  EnergyTotal          
  Disp                 
  Elstat              
  Int                 
  OI                   
  Pauli                
  StrainTotal         
  bondlength          
  frag1Strain          
  frag2Strain          

  30    
  -3.5945134295589978  
  -0.4455199293164061  
  -3.382780899894373  
  -3.896548437687312  
  -0.3245427947188885  
  0.25629511966776347  
  0.3020350081283141  
  1.4186673983124294  
  0.06003430685177591  
  0.24200070127653817  

[05.03|21:52:29] JOB frag1.00031 STARTED
[05.03|21:52:29] Job frag1.00031 previously run as frag1.00015, using old results
[05.03|21:52:29] JOB frag1.00031 COPIED
[05.03|21:52:30] JOB frag2.00031 STARTED
[05.03|21:52:30] Job frag2.00031 previously run as frag2.00031, using old results
[05.03|21:52:30] JOB frag2.00031 COPIED
[05.03|21:52:30] JOB complex.00031 STARTED
[05.03|21:52:30] JOB complex.00031 RUNNING
[05.03|21:53:32] JOB complex.00031 FINISHED
[05.03|21:53:32] JOB complex.00031 SUCCESSFUL
  #IRC  
  EnergyTotal         
  Disp                 
  Elstat              
  Int                  
  OI                   
  Pauli                
  StrainTotal         
  bondlength          
  frag1Strain          
  frag2Strain          

  31    
  -3.377730232017019  
  -0.4025790245803082  
  -3.214968738001693  
  -3.6797652401241874  
  -0.2885550682418512  
  0.22633754196059439  
  0.3020350081071683  
  1.5020007186202076  
  0.06003430685177591  
  0.24200070125539241  

[05.03|21:53:32] JOB frag1.00032 STARTED
[05.03|21:53:32] Job frag1.00032 previously run as frag1.00015, using old results
[05.03|21:53:32] JOB frag1.00032 COPIED
[05.03|21:53:33] JOB frag2.00032 STARTED
[05.03|21:53:33] Job frag2.00032 previously run as frag2.00032, using old results
[05.03|21:53:33] JOB frag2.00032 COPIED
[05.03|21:53:33] JOB complex.00032 STARTED
[05.03|21:53:33] JOB complex.00032 RUNNING
[05.03|21:54:32] JOB complex.00032 FINISHED
[05.03|21:54:32] JOB complex.00032 SUCCESSFUL
  #IRC  
  EnergyTotal         
  Disp                 
  Elstat               
  Int                  
  OI                   
  Pauli               
  StrainTotal         
  bondlength          
  frag1Strain          
  frag2Strain          

  32    
  -3.177703904680893  
  -0.3637392343054773  
  -3.0591184572311065  
  -3.4797389128107987  
  -0.2572299893477993  
  0.2003488015775637  
  0.3020350081299057  
  1.5853340391825625  
  0.06003430685177591  
  0.24200070127812978  

[05.03|21:54:32] JOB frag1.00033 STARTED
[05.03|21:54:32] Job frag1.00033 previously run as frag1.00015, using old results
[05.03|21:54:32] JOB frag1.00033 COPIED
[05.03|21:54:32] JOB frag2.00033 STARTED
[05.03|21:54:32] Job frag2.00033 previously run as frag2.00033, using old results
[05.03|21:54:32] JOB frag2.00033 COPIED
[05.03|21:54:32] JOB complex.00033 STARTED
[05.03|21:54:32] JOB complex.00033 RUNNING
[05.03|21:55:33] JOB complex.00033 FINISHED
[05.03|21:55:33] JOB complex.00033 SUCCESSFUL
  #IRC  
  EnergyTotal          
  Disp                  
  Elstat              
  Int                  
  OI                    
  Pauli                
  StrainTotal          
  bondlength         
  frag1Strain          
  frag2Strain          

  33    
  -2.9925312547567264  
  -0.32869540249781276  
  -2.914027177798888  
  -3.2945662629612107  
  -0.23042238960988548  
  0.17857873890568607  
  0.30203500820448426  
  1.668667369989591  
  0.06003430685177591  
  0.24200070135270835  

[05.03|21:55:33] JOB frag1.00034 STARTED
[05.03|21:55:33] Job frag1.00034 previously run as frag1.00015, using old results
[05.03|21:55:33] JOB frag1.00034 COPIED
[05.03|21:55:34] JOB frag2.00034 STARTED
[05.03|21:55:34] Job frag2.00034 previously run as frag2.00034, using old results
[05.03|21:55:34] JOB frag2.00034 COPIED
[05.03|21:55:34] JOB complex.00034 STARTED
[05.03|21:55:34] JOB complex.00034 RUNNING
[05.03|21:56:31] JOB complex.00034 FINISHED
[05.03|21:56:31] JOB complex.00034 SUCCESSFUL
  #IRC  
  EnergyTotal          
  Disp                 
  Elstat               
  Int                  
  OI                    
  Pauli                
  StrainTotal          
  bondlength          
  frag1Strain          
  frag2Strain          

  34    
  -2.8209622543567883  
  -0.2971408977472617  
  -2.7786082770834692  
  -3.1229972625112503  
  -0.20703521217363494  
  0.15978714915205064  
  0.30203500815446205  
  1.7520006910319044  
  0.06003430685177591  
  0.24200070130268614  

[05.03|21:56:32] JOB frag1.00035 STARTED
[05.03|21:56:32] Job frag1.00035 previously run as frag1.00015, using old results
[05.03|21:56:32] JOB frag1.00035 COPIED
[05.03|21:56:32] JOB frag2.00035 STARTED
[05.03|21:56:32] Job frag2.00035 previously run as frag2.00035, using old results
[05.03|21:56:32] JOB frag2.00035 COPIED
[05.03|21:56:32] JOB complex.00035 STARTED
[05.03|21:56:32] JOB complex.00035 RUNNING
[05.03|21:57:31] JOB complex.00035 FINISHED
[05.03|21:57:31] JOB complex.00035 SUCCESSFUL
  #IRC  
  EnergyTotal         
  Disp                  
  Elstat               
  Int                 
  OI                    
  Pauli                
  StrainTotal          
  bondlength          
  frag1Strain          
  frag2Strain          

  35    
  -2.662511987428254  
  -0.26877341902615487  
  -2.6518736206646447  
  -2.964546995689809  
  -0.18640248815171673  
  0.14250254824867528  
  0.30203500826155505  
  1.8353340123005815  
  0.06003430685177591  
  0.24200070140977914  

[05.03|21:57:31] JOB frag1.00036 STARTED
[05.03|21:57:31] Job frag1.00036 previously run as frag1.00015, using old results
[05.03|21:57:31] JOB frag1.00036 COPIED
[05.03|21:57:31] JOB frag2.00036 STARTED
[05.03|21:57:31] Job frag2.00036 previously run as frag2.00036, using old results
[05.03|21:57:31] JOB frag2.00036 COPIED
[05.03|21:57:31] JOB complex.00036 STARTED
[05.03|21:57:31] JOB complex.00036 RUNNING
[05.03|21:58:30] JOB complex.00036 FINISHED
[05.03|21:58:30] JOB complex.00036 SUCCESSFUL
  #IRC  
  EnergyTotal        
  Disp                  
  Elstat               
  Int                  
  OI                   
  Pauli                
  StrainTotal         
  bondlength          
  frag1Strain          
  frag2Strain         

  36    
  -2.51556841399103  
  -0.24330038666078246  
  -2.5331489664678744  
  -2.8176034219740522  
  -0.1682908498915136  
  0.12713679259576682  
  0.3020350079830223  
  1.9186673437871482  
  0.06003430685177591  
  0.2420007011312464  

[05.03|21:58:31] JOB frag1.00037 STARTED
[05.03|21:58:31] Job frag1.00037 previously run as frag1.00015, using old results
[05.03|21:58:31] JOB frag1.00037 COPIED
[05.03|21:58:31] JOB frag2.00037 STARTED
[05.03|21:58:31] Job frag2.00037 previously run as frag2.00037, using old results
[05.03|21:58:31] JOB frag2.00037 COPIED
[05.03|21:58:31] JOB complex.00037 STARTED
[05.03|21:58:31] JOB complex.00037 RUNNING
[05.03|21:59:28] JOB complex.00037 FINISHED
[05.03|21:59:28] JOB complex.00037 SUCCESSFUL
  #IRC  
  EnergyTotal          
  Disp                  
  Elstat              
  Int                 
  OI                    
  Pauli                
  StrainTotal         
  bondlength          
  frag1Strain          
  frag2Strain         

  37    
  -2.3786801278337752  
  -0.22044332834292193  
  -2.421786936434144  
  -2.680715135914341  
  -0.15236746655150862  
  0.11388260457401109  
  0.3020350080805656  
  2.0020006654835516  
  0.06003430685177591  
  0.2420007012287897  

[05.03|21:59:28] JOB frag1.00038 STARTED
[05.03|21:59:28] Job frag1.00038 previously run as frag1.00015, using old results
[05.03|21:59:28] JOB frag1.00038 COPIED
[05.03|21:59:29] JOB frag2.00038 STARTED
[05.03|21:59:29] Job frag2.00038 previously run as frag2.00038, using old results
[05.03|21:59:29] JOB frag2.00038 COPIED
[05.03|21:59:29] JOB complex.00038 STARTED
[05.03|21:59:29] JOB complex.00038 RUNNING
[05.03|22:00:27] JOB complex.00038 FINISHED
[05.03|22:00:27] JOB complex.00038 SUCCESSFUL
  #IRC  
  EnergyTotal         
  Disp                  
  Elstat             
  Int                 
  OI                    
  Pauli                
  StrainTotal          
  bondlength          
  frag1Strain          
  frag2Strain          

  38    
  -2.251408362805332  
  -0.19994102088617122  
  -2.31721295017712  
  -2.553443370837922  
  -0.13820761921272562  
  0.10191822605726643  
  0.30203500803258976  
  2.0853339873821266  
  0.06003430685177591  
  0.24200070118081385  

[05.03|22:00:27] JOB frag1.00039 STARTED
[05.03|22:00:27] Job frag1.00039 previously run as frag1.00015, using old results
[05.03|22:00:27] JOB frag1.00039 COPIED
[05.03|22:00:28] JOB frag2.00039 STARTED
[05.03|22:00:28] Job frag2.00039 previously run as frag2.00039, using old results
[05.03|22:00:28] JOB frag2.00039 COPIED
[05.03|22:00:28] JOB complex.00039 STARTED
[05.03|22:00:28] JOB complex.00039 RUNNING
[05.03|22:01:25] JOB complex.00039 FINISHED
[05.03|22:01:25] JOB complex.00039 SUCCESSFUL
  #IRC  
  EnergyTotal         
  Disp                 
  Elstat              
  Int                 
  OI                    
  Pauli                
  StrainTotal        
  bondlength         
  frag1Strain          
  frag2Strain          

  39    
  -2.133324967287229  
  -0.1815514540541337  
  -2.218862944488276  
  -2.435359975324821  
  -0.12567098393043258  
  0.09072541362856762  
  0.302035008037592  
  2.168667319475577  
  0.06003430685177591  
  0.24200070118581607  

[05.03|22:01:25] JOB frag1.00040 STARTED
[05.03|22:01:25] Job frag1.00040 previously run as frag1.00015, using old results
[05.03|22:01:25] JOB frag1.00040 COPIED
[05.03|22:01:25] JOB frag2.00040 STARTED
[05.03|22:01:25] Job frag2.00040 previously run as frag2.00040, using old results
[05.03|22:01:25] JOB frag2.00040 COPIED
[05.03|22:01:26] JOB complex.00040 STARTED
[05.03|22:01:26] JOB complex.00040 RUNNING
[05.03|22:02:23] JOB complex.00040 FINISHED
[05.03|22:02:23] JOB complex.00040 SUCCESSFUL
  #IRC  
  EnergyTotal         
  Disp                  
  Elstat              
  Int                 
  OI                    
  Pauli                
  StrainTotal       
  bondlength          
  frag1Strain          
  frag2Strain         

  40    
  -2.022665444269599  
  -0.16505273201336382  
  -2.125919183085247  
  -2.324700452472719  
  -0.11441346606062794  
  0.08068493608310524  
  0.30203500820312  
  2.2520006417569585  
  0.06003430685177591  
  0.2420007013513441  

[05.03|22:02:23] JOB frag1.00041 STARTED
[05.03|22:02:23] Job frag1.00041 previously run as frag1.00015, using old results
[05.03|22:02:23] JOB frag1.00041 COPIED
[05.03|22:02:24] JOB frag2.00041 STARTED
[05.03|22:02:24] Job frag2.00041 previously run as frag2.00041, using old results
[05.03|22:02:24] JOB frag2.00041 COPIED
[05.03|22:02:24] JOB complex.00041 STARTED
[05.03|22:02:24] JOB complex.00041 RUNNING
[05.03|22:03:22] JOB complex.00041 FINISHED
[05.03|22:03:22] JOB complex.00041 SUCCESSFUL
  #IRC  
  EnergyTotal          
  Disp                  
  Elstat              
  Int                  
  OI                    
  Pauli               
  StrainTotal         
  bondlength          
  frag1Strain          
  frag2Strain         

  41    
  -1.9187404760085895  
  -0.15024310937229302  
  -2.038117708345801  
  -2.2207754841391774  
  -0.10432898249959066  
  0.0719143268505916  
  0.3020350081305878  
  2.3353339642196467  
  0.06003430685177591  
  0.2420007012788119  

[05.03|22:03:23] JOB frag1.00042 STARTED
[05.03|22:03:23] Job frag1.00042 previously run as frag1.00015, using old results
[05.03|22:03:23] JOB frag1.00042 COPIED
[05.03|22:03:23] JOB frag2.00042 STARTED
[05.03|22:03:23] Job frag2.00042 previously run as frag2.00042, using old results
[05.03|22:03:23] JOB frag2.00042 COPIED
[05.03|22:03:23] JOB complex.00042 STARTED
[05.03|22:03:23] JOB complex.00042 RUNNING
[05.03|22:04:19] JOB complex.00042 FINISHED
[05.03|22:04:19] JOB complex.00042 SUCCESSFUL
  #IRC  
  EnergyTotal          
  Disp                 
  Elstat               
  Int                  
  OI                   
  Pauli                
  StrainTotal          
  bondlength          
  frag1Strain          
  frag2Strain          

  42    
  -1.8214365020839023  
  -0.1369404205974069  
  -1.9554139065909708  
  -2.1234715102142627  
  -0.0951949995137989  
  0.06407783053628162  
  0.30203500813036044  
  2.4186672968573264  
  0.06003430685177591  
  0.24200070127858453  

[05.03|22:04:19] JOB frag1.00043 STARTED
[05.03|22:04:19] Job frag1.00043 previously run as frag1.00015, using old results
[05.03|22:04:19] JOB frag1.00043 COPIED
[05.03|22:04:20] JOB frag2.00043 STARTED
[05.03|22:04:20] Job frag2.00043 previously run as frag2.00043, using old results
[05.03|22:04:20] JOB frag2.00043 COPIED
[05.03|22:04:21] JOB complex.00043 STARTED
[05.03|22:04:21] JOB complex.00043 RUNNING
[05.03|22:05:18] JOB complex.00043 FINISHED
[05.03|22:05:18] JOB complex.00043 SUCCESSFUL
  #IRC  
  EnergyTotal          
  Disp                  
  Elstat               
  Int                  
  OI                    
  Pauli                
  StrainTotal         
  bondlength          
  frag1Strain          
  frag2Strain          

  43    
  -1.7306873080126262  
  -0.12498107725550661  
  -1.8774128857942214  
  -2.0327223160588583  
  -0.08705879339383168  
  0.05673045407038631  
  0.3020350080462322  
  2.5020006196639777  
  0.06003430685177591  
  0.24200070119445627  

[05.03|22:05:19] JOB frag1.00044 STARTED
[05.03|22:05:19] Job frag1.00044 previously run as frag1.00015, using old results
[05.03|22:05:19] JOB frag1.00044 COPIED
[05.03|22:05:19] JOB frag2.00044 STARTED
[05.03|22:05:19] Job frag2.00044 previously run as frag2.00044, using old results
[05.03|22:05:19] JOB frag2.00044 COPIED
[05.03|22:05:19] JOB complex.00044 STARTED
[05.03|22:05:19] JOB complex.00044 RUNNING
[05.03|22:06:15] JOB complex.00044 FINISHED
[05.03|22:06:15] JOB complex.00044 SUCCESSFUL
  #IRC  
  EnergyTotal          
  Disp                  
  Elstat              
  Int                  
  OI                    
  Pauli                
  StrainTotal          
  bondlength         
  frag1Strain          
  frag2Strain          

  44    
  -1.6452006966223516  
  -0.11421878812771714  
  -1.803407747828275  
  -1.9472357049166484  
  -0.07966136137888397  
  0.05005220492566048  
  0.30203500829429686  
  2.585333942633847  
  0.06003430685177591  
  0.24200070144252095  

[05.03|22:06:15] JOB frag1.00045 STARTED
[05.03|22:06:15] Job frag1.00045 previously run as frag1.00015, using old results
[05.03|22:06:15] JOB frag1.00045 COPIED
[05.03|22:06:15] JOB frag2.00045 STARTED
[05.03|22:06:15] Job frag2.00045 previously run as frag2.00045, using old results
[05.03|22:06:15] JOB frag2.00045 COPIED
[05.03|22:06:15] JOB complex.00045 STARTED
[05.03|22:06:15] JOB complex.00045 RUNNING
[05.03|22:07:13] JOB complex.00045 FINISHED
[05.03|22:07:13] JOB complex.00045 SUCCESSFUL
  #IRC  
  EnergyTotal          
  Disp                 
  Elstat              
  Int                  
  OI                    
  Pauli                 
  StrainTotal        
  bondlength          
  frag1Strain          
  frag2Strain         

  45    
  -1.5642999246249076  
  -0.1045231584639331  
  -1.733139434890888  
  -1.8663349327416257  
  -0.07299562771511452  
  0.044323303349206776  
  0.302035008116718  
  2.6686672757614387  
  0.06003430685177591  
  0.2420007012649421  

[05.03|22:07:13] JOB frag1.00046 STARTED
[05.03|22:07:13] Job frag1.00046 previously run as frag1.00015, using old results
[05.03|22:07:13] JOB frag1.00046 COPIED
[05.03|22:07:14] JOB frag2.00046 STARTED
[05.03|22:07:14] Job frag2.00046 previously run as frag2.00046, using old results
[05.03|22:07:14] JOB frag2.00046 COPIED
[05.03|22:07:14] JOB complex.00046 STARTED
[05.03|22:07:14] JOB complex.00046 RUNNING
[05.03|22:08:11] JOB complex.00046 FINISHED
[05.03|22:08:11] JOB complex.00046 SUCCESSFUL
  #IRC  
  EnergyTotal          
  Disp                  
  Elstat             
  Int                  
  OI                    
  Pauli                 
  StrainTotal         
  bondlength          
  frag1Strain          
  frag2Strain          

  46    
  -1.4880765724874196  
  -0.09577824456652954  
  -1.66675616228642  
  -1.7901115807098664  
  -0.06685285744466385  
  0.039275700514716405  
  0.3020350082224468  
  2.7520005990415095  
  0.06003430685177591  
  0.24200070137067087  

[05.03|22:08:12] JOB frag1.00047 STARTED
[05.03|22:08:12] Job frag1.00047 previously run as frag1.00015, using old results
[05.03|22:08:12] JOB frag1.00047 COPIED
[05.03|22:08:12] JOB frag2.00047 STARTED
[05.03|22:08:12] Job frag2.00047 previously run as frag2.00047, using old results
[05.03|22:08:12] JOB frag2.00047 COPIED
[05.03|22:08:12] JOB complex.00047 STARTED
[05.03|22:08:12] JOB complex.00047 RUNNING
[05.03|22:09:07] JOB complex.00047 FINISHED
[05.03|22:09:07] JOB complex.00047 SUCCESSFUL
  #IRC  
  EnergyTotal         
  Disp                  
  Elstat              
  Int                 
  OI                    
  Pauli               
  StrainTotal          
  bondlength          
  frag1Strain          
  frag2Strain          

  47    
  -1.416310781347501  
  -0.08788112158443932  
  -1.603797577010561  
  -1.718345789667946  
  -0.06127940933615986  
  0.0346123350976058  
  0.30203500832044483  
  2.8353339224690375  
  0.06003430685177591  
  0.24200070146866892  

[05.03|22:09:08] JOB frag1.00048 STARTED
[05.03|22:09:08] Job frag1.00048 previously run as frag1.00015, using old results
[05.03|22:09:08] JOB frag1.00048 COPIED
[05.03|22:09:08] JOB frag2.00048 STARTED
[05.03|22:09:08] Job frag2.00048 previously run as frag2.00048, using old results
[05.03|22:09:08] JOB frag2.00048 COPIED
[05.03|22:09:08] JOB complex.00048 STARTED
[05.03|22:09:08] JOB complex.00048 RUNNING
[05.03|22:10:05] JOB complex.00048 FINISHED
[05.03|22:10:05] JOB complex.00048 SUCCESSFUL
  #IRC  
  EnergyTotal          
  Disp                  
  Elstat               
  Int                 
  OI                     
  Pauli                 
  StrainTotal         
  bondlength          
  frag1Strain          
  frag2Strain         

  48    
  -1.3486203670396182  
  -0.08074052764208885  
  -1.5439728985483532  
  -1.650655375149515  
  -0.056297766780799036  
  0.030355832870075594  
  0.3020350081098968  
  2.9186672560392193  
  0.06003430685177591  
  0.2420007012581209  

[05.03|22:10:05] JOB frag1.00049 STARTED
[05.03|22:10:05] Job frag1.00049 previously run as frag1.00015, using old results
[05.03|22:10:05] JOB frag1.00049 COPIED
[05.03|22:10:06] JOB frag2.00049 STARTED
[05.03|22:10:06] Job frag2.00049 previously run as frag2.00049, using old results
[05.03|22:10:06] JOB frag2.00049 COPIED
[05.03|22:10:06] JOB complex.00049 STARTED
[05.03|22:10:06] JOB complex.00049 RUNNING
[05.03|22:11:01] JOB complex.00049 FINISHED
[05.03|22:11:01] JOB complex.00049 SUCCESSFUL
  #IRC  
  EnergyTotal          
  Disp                 
  Elstat               
  Int                  
  OI                    
  Pauli                
  StrainTotal          
  bondlength         
  frag1Strain          
  frag2Strain          

  49    
  -1.2844450558023475  
  -0.0742755968855709  
  -1.4871579224429161  
  -1.5864800641046024  
  -0.05173743887364468  
  0.02669090749089595  
  0.30203500830225494  
  3.002000579747466  
  0.06003430685177591  
  0.24200070145047903  

[05.03|22:11:03] PLAMS run finished. Goodbye
