RESTART: Moving ureas_di_O_Cs_pi to ureas_di_O_Cs_pi.res and restarting from it
[05.03|21:19:29] PLAMS working folder: /scistor/tc/slz230/Promotie/Squaramides/manual_calculations/calcs/ureas_di_O_Cs_pi/ureas_di_O_Cs_pi
[05.03|21:19:37] JOB frag1.00001 STARTED
[05.03|21:19:37] Job frag1.00001 previously run as frag1.00005, using old results
[05.03|21:19:37] JOB frag1.00001 COPIED
[05.03|21:19:38] JOB frag2.00001 STARTED
[05.03|21:19:38] Job frag2.00001 previously run as frag2.00001, using old results
[05.03|21:19:38] JOB frag2.00001 COPIED
[05.03|21:19:38] JOB complex.00001 STARTED
[05.03|21:19:38] JOB complex.00001 RUNNING
[05.03|21:20:45] JOB complex.00001 FINISHED
[05.03|21:20:45] JOB complex.00001 SUCCESSFUL
  #IRC  
  EnergyTotal        
  Disp                
  Elstat              
  Int                
  OI                  
  Pauli               
  StrainTotal         
  bondlength          
  frag1Strain          
  frag2Strain          

  1     
  88.46891004811735  
  -4.345129845843876  
  -72.13524757827483  
  88.16687504016707  
  -3.792858070874794  
  168.44011040045456  
  0.3020350079502805  
  -0.997998803827941  
  0.06003430671080423  
  0.24200070123947626  

[05.03|21:20:45] JOB frag1.00002 STARTED
[05.03|21:20:45] Job frag1.00002 previously run as frag1.00005, using old results
[05.03|21:20:45] JOB frag1.00002 COPIED
[05.03|21:20:45] JOB frag2.00002 STARTED
[05.03|21:20:45] Job frag2.00002 previously run as frag2.00002, using old results
[05.03|21:20:45] JOB frag2.00002 COPIED
[05.03|21:20:45] JOB complex.00002 STARTED
[05.03|21:20:45] JOB complex.00002 RUNNING
[05.03|21:21:52] JOB complex.00002 FINISHED
[05.03|21:21:53] JOB complex.00002 SUCCESSFUL
  #IRC  
  EnergyTotal        
  Disp                
  Elstat              
  Int                
  OI                 
  Pauli               
  StrainTotal         
  bondlength           
  frag1Strain          
  frag2Strain         

  2     
  67.71763954841865  
  -4.232502701319609  
  -60.98300488169115  
  67.41560454034945  
  -3.13245220474782  
  135.76356485186125  
  0.3020350080691969  
  -0.9146654997505235  
  0.06003430671080423  
  0.2420007013583927  

[05.03|21:21:53] JOB frag1.00003 STARTED
[05.03|21:21:53] Job frag1.00003 previously run as frag1.00005, using old results
[05.03|21:21:53] JOB frag1.00003 COPIED
[05.03|21:21:53] JOB frag2.00003 STARTED
[05.03|21:21:53] Job frag2.00003 previously run as frag2.00003, using old results
[05.03|21:21:53] JOB frag2.00003 COPIED
[05.03|21:21:53] JOB complex.00003 STARTED
[05.03|21:21:53] JOB complex.00003 RUNNING
[05.03|21:22:59] JOB complex.00003 FINISHED
[05.03|21:23:00] JOB complex.00003 SUCCESSFUL
  #IRC  
  EnergyTotal       
  Disp                
  Elstat               
  Int                
  OI                   
  Pauli               
  StrainTotal          
  bondlength           
  frag1Strain          
  frag2Strain          

  3     
  50.8026959220163  
  -4.065218448651357  
  -51.552295830225965  
  50.50066091396029  
  -2.5928761675651746  
  108.71105306773707  
  0.30203500805600925  
  -0.8313321845733901  
  0.06003430671080423  
  0.24200070134520502  

[05.03|21:23:00] JOB frag1.00004 STARTED
[05.03|21:23:00] Job frag1.00004 previously run as frag1.00005, using old results
[05.03|21:23:00] JOB frag1.00004 COPIED
[05.03|21:23:01] JOB frag2.00004 STARTED
[05.03|21:23:01] Job frag2.00004 previously run as frag2.00004, using old results
[05.03|21:23:01] JOB frag2.00004 COPIED
[05.03|21:23:01] JOB complex.00004 STARTED
[05.03|21:23:01] JOB complex.00004 RUNNING
[05.03|21:24:08] JOB complex.00004 FINISHED
[05.03|21:24:08] JOB complex.00004 SUCCESSFUL
  #IRC  
  EnergyTotal         
  Disp                 
  Elstat              
  Int                
  OI                   
  Pauli              
  StrainTotal          
  bondlength           
  frag1Strain          
  frag2Strain          

  4     
  37.181415484945084  
  -3.8603095948113033  
  -43.62124876208625  
  36.87938047707325  
  -2.1534467144957294  
  86.51438786040899  
  0.30203500787183657  
  -0.7479988783650624  
  0.06003430671080423  
  0.24200070116103234  

[05.03|21:24:08] JOB frag1.00005 STARTED
[05.03|21:24:08] Job frag1.00005 previously run as frag1.00005, using old results
[05.03|21:24:08] JOB frag1.00005 COPIED
[05.03|21:24:08] JOB frag2.00005 STARTED
[05.03|21:24:08] Job frag2.00005 previously run as frag2.00005, using old results
[05.03|21:24:08] JOB frag2.00005 COPIED
[05.03|21:24:08] JOB complex.00005 STARTED
[05.03|21:24:08] JOB complex.00005 RUNNING
[05.03|21:25:15] JOB complex.00005 FINISHED
[05.03|21:25:15] JOB complex.00005 SUCCESSFUL
  #IRC  
  EnergyTotal         
  Disp                 
  Elstat              
  Int                 
  OI                   
  Pauli              
  StrainTotal         
  bondlength           
  frag1Strain          
  frag2Strain          

  5     
  26.330873067726017  
  -3.6447389632874576  
  -36.98747139784649  
  26.028838059808706  
  -1.7964311507530866  
  68.45748071099459  
  0.3020350079173113  
  -0.6646655711884915  
  0.06003430671080423  
  0.24200070120650707  

[05.03|21:25:15] JOB frag1.00006 STARTED
[05.03|21:25:15] Job frag1.00006 previously run as frag1.00005, using old results
[05.03|21:25:15] JOB frag1.00006 COPIED
[05.03|21:25:15] JOB frag2.00006 STARTED
[05.03|21:25:15] Job frag2.00006 previously run as frag2.00006, using old results
[05.03|21:25:15] JOB frag2.00006 COPIED
[05.03|21:25:15] JOB complex.00006 STARTED
[05.03|21:25:15] JOB complex.00006 RUNNING
[05.03|21:26:22] JOB complex.00006 FINISHED
[05.03|21:26:22] JOB complex.00006 SUCCESSFUL
  #IRC  
  EnergyTotal         
  Disp                 
  Elstat              
  Int                 
  OI                   
  Pauli               
  StrainTotal         
  bondlength           
  frag1Strain          
  frag2Strain          

  6     
  17.789610990827317  
  -3.4289983512130098  
  -31.46217553446553  
  17.487575982904776  
  -1.5067554145490596  
  53.885504412170185  
  0.3020350079225409  
  -0.5813322531016079  
  0.06003430671080423  
  0.24200070121173667  

[05.03|21:26:22] JOB frag1.00007 STARTED
[05.03|21:26:22] Job frag1.00007 previously run as frag1.00005, using old results
[05.03|21:26:22] JOB frag1.00007 COPIED
[05.03|21:26:22] JOB frag2.00007 STARTED
[05.03|21:26:22] Job frag2.00007 previously run as frag2.00007, using old results
[05.03|21:26:22] JOB frag2.00007 COPIED
[05.03|21:26:22] JOB complex.00007 STARTED
[05.03|21:26:22] JOB complex.00007 RUNNING
[05.03|21:27:30] JOB complex.00007 FINISHED
[05.03|21:27:30] JOB complex.00007 SUCCESSFUL
  #IRC  
  EnergyTotal         
  Disp                 
  Elstat               
  Int                 
  OI                  
  Pauli              
  StrainTotal          
  bondlength            
  frag1Strain          
  frag2Strain         

  7     
  11.150313007930851  
  -3.2170929505390786  
  -26.875977984567964  
  10.848278000078569  
  -1.271710507246932  
  42.21305768454559  
  0.30203500785228243  
  -0.49799894415780344  
  0.06003430671080423  
  0.2420007011414782  

[05.03|21:27:30] JOB frag1.00008 STARTED
[05.03|21:27:30] Job frag1.00008 previously run as frag1.00005, using old results
[05.03|21:27:30] JOB frag1.00008 COPIED
[05.03|21:27:30] JOB frag2.00008 STARTED
[05.03|21:27:30] Job frag2.00008 previously run as frag2.00008, using old results
[05.03|21:27:30] JOB frag2.00008 COPIED
[05.03|21:27:30] JOB complex.00008 STARTED
[05.03|21:27:30] JOB complex.00008 RUNNING
[05.03|21:28:34] JOB complex.00008 FINISHED
[05.03|21:28:34] JOB complex.00008 SUCCESSFUL
  #IRC  
  EnergyTotal        
  Disp                
  Elstat               
  Int                
  OI                  
  Pauli              
  StrainTotal          
  bondlength            
  frag1Strain          
  frag2Strain        

  8     
  6.059222294994938  
  -3.010871936614575  
  -23.078084478425893  
  5.757187286916419  
  -1.080673412978495  
  32.92681609694027  
  0.30203500807851924  
  -0.41466563440638193  
  0.06003430671080423  
  0.242000701367715  

[05.03|21:28:35] JOB frag1.00009 STARTED
[05.03|21:28:35] Job frag1.00009 previously run as frag1.00005, using old results
[05.03|21:28:35] JOB frag1.00009 COPIED
[05.03|21:28:35] JOB frag2.00009 STARTED
[05.03|21:28:35] Job frag2.00009 previously run as frag2.00009, using old results
[05.03|21:28:35] JOB frag2.00009 COPIED
[05.03|21:28:35] JOB complex.00009 STARTED
[05.03|21:28:35] JOB complex.00009 RUNNING
[05.03|21:29:39] JOB complex.00009 FINISHED
[05.03|21:29:40] JOB complex.00009 SUCCESSFUL
  #IRC  
  EnergyTotal         
  Disp                 
  Elstat               
  Int                 
  OI                  
  Pauli               
  StrainTotal          
  bondlength            
  frag1Strain          
  frag2Strain          

  9     
  2.2167940148373546  
  -2.8113711237451464  
  -19.936253373016992  
  1.9147590069602887  
  -0.924821408397774  
  25.587205210360796  
  0.30203500787706616  
  -0.33133231389293716  
  0.06003430671080423  
  0.24200070116626193  

[05.03|21:29:40] JOB frag1.00010 STARTED
[05.03|21:29:40] Job frag1.00010 previously run as frag1.00005, using old results
[05.03|21:29:40] JOB frag1.00010 COPIED
[05.03|21:29:40] JOB frag2.00010 STARTED
[05.03|21:29:40] Job frag2.00010 previously run as frag2.00010, using old results
[05.03|21:29:40] JOB frag2.00010 COPIED
[05.03|21:29:41] JOB complex.00010 STARTED
[05.03|21:29:41] JOB complex.00010 RUNNING
[05.03|21:30:51] JOB complex.00010 FINISHED
[05.03|21:30:51] JOB complex.00010 SUCCESSFUL
  #IRC  
  EnergyTotal         
  Disp                
  Elstat              
  Int                  
  OI                   
  Pauli              
  StrainTotal          
  bondlength          
  frag1Strain          
  frag2Strain          

  10    
  -0.630645114123075  
  -2.619265541868008  
  -17.33712960754904  
  -0.9326801220235607  
  -0.7969698582060645  
  19.82068579598083  
  0.30203500790048565  
  -0.247999002659685  
  0.06003430671080423  
  0.24200070118968142  

[05.03|21:30:52] JOB frag1.00011 STARTED
[05.03|21:30:52] Job frag1.00011 previously run as frag1.00005, using old results
[05.03|21:30:52] JOB frag1.00011 COPIED
[05.03|21:30:52] JOB frag2.00011 STARTED
[05.03|21:30:52] Job frag2.00011 previously run as frag2.00011, using old results
[05.03|21:30:52] JOB frag2.00011 COPIED
[05.03|21:30:52] JOB complex.00011 STARTED
[05.03|21:30:52] JOB complex.00011 RUNNING
[05.03|21:31:58] JOB complex.00011 FINISHED
[05.03|21:31:58] JOB complex.00011 SUCCESSFUL
  #IRC  
  EnergyTotal          
  Disp                 
  Elstat               
  Int                 
  OI                   
  Pauli               
  StrainTotal         
  bondlength            
  frag1Strain          
  frag2Strain          

  11    
  -2.6949596609957704  
  -2.4350440765428494  
  -15.184078013239596  
  -2.996994669096345  
  -0.6913594635380131  
  15.313487587530956  
  0.3020350081005745  
  -0.16466569074578796  
  0.06003430671080423  
  0.24200070138977026  

[05.03|21:31:59] JOB frag1.00012 STARTED
[05.03|21:31:59] Job frag1.00012 previously run as frag1.00005, using old results
[05.03|21:31:59] JOB frag1.00012 COPIED
[05.03|21:31:59] JOB frag2.00012 STARTED
[05.03|21:31:59] Job frag2.00012 previously run as frag2.00012, using old results
[05.03|21:31:59] JOB frag2.00012 COPIED
[05.03|21:31:59] JOB complex.00012 STARTED
[05.03|21:31:59] JOB complex.00012 RUNNING
[05.03|21:33:03] JOB complex.00012 FINISHED
[05.03|21:33:04] JOB complex.00012 SUCCESSFUL
  #IRC  
  EnergyTotal        
  Disp                
  Elstat               
  Int                 
  OI                   
  Pauli               
  StrainTotal        
  bondlength            
  frag1Strain          
  frag2Strain          

  12    
  -4.14838621982028  
  -2.259080990674695  
  -13.395419776689995  
  -4.450421227856053  
  -0.6034274288606598  
  11.807507114010939  
  0.302035008035773  
  -0.08133236818761791  
  0.06003430671080423  
  0.24200070132496876  

[05.03|21:33:04] JOB frag1.00013 STARTED
[05.03|21:33:04] Job frag1.00013 previously run as frag1.00005, using old results
[05.03|21:33:04] JOB frag1.00013 COPIED
[05.03|21:33:04] JOB frag2.00013 STARTED
[05.03|21:33:04] Job frag2.00013 previously run as frag2.00013, using old results
[05.03|21:33:04] JOB frag2.00013 COPIED
[05.03|21:33:04] JOB complex.00013 STARTED
[05.03|21:33:04] JOB complex.00013 RUNNING
[05.03|21:34:09] JOB complex.00013 FINISHED
[05.03|21:34:09] JOB complex.00013 SUCCESSFUL
  #IRC  
  EnergyTotal          
  Disp               
  Elstat               
  Int                 
  OI                   
  Pauli              
  StrainTotal          
  bondlength            
  frag1Strain          
  frag2Strain         

  13    
  -5.1301924097540175  
  -2.09166146408695  
  -11.903793192753584  
  -5.432227417697022  
  -0.5296020931368906  
  9.092829145882764  
  0.30203500794300453  
  0.002000944981006114  
  0.06003430671080423  
  0.2420007012322003  

[05.03|21:34:09] JOB frag1.00014 STARTED
[05.03|21:34:09] Job frag1.00014 previously run as frag1.00005, using old results
[05.03|21:34:09] JOB frag1.00014 COPIED
[05.03|21:34:09] JOB frag2.00014 STARTED
[05.03|21:34:09] Job frag2.00014 previously run as frag2.00014, using old results
[05.03|21:34:09] JOB frag2.00014 COPIED
[05.03|21:34:09] JOB complex.00014 STARTED
[05.03|21:34:09] JOB complex.00014 RUNNING
[05.03|21:35:14] JOB complex.00014 FINISHED
[05.03|21:35:14] JOB complex.00014 SUCCESSFUL
  #IRC  
  EnergyTotal         
  Disp                 
  Elstat              
  Int                 
  OI                    
  Pauli              
  StrainTotal         
  bondlength          
  frag1Strain          
  frag2Strain         

  14    
  -5.753703568503117  
  -1.9329846753741975  
  -10.65404955712504  
  -6.055738576515243  
  -0.46709096727274113  
  6.998386382197731  
  0.3020350080121261  
  0.0853342587285848  
  0.06003430671080423  
  0.2420007013013219  

[05.03|21:35:14] JOB frag1.00015 STARTED
[05.03|21:35:14] Job frag1.00015 previously run as frag1.00005, using old results
[05.03|21:35:14] JOB frag1.00015 COPIED
[05.03|21:35:14] JOB frag2.00015 STARTED
[05.03|21:35:14] Job frag2.00015 previously run as frag2.00015, using old results
[05.03|21:35:14] JOB frag2.00015 COPIED
[05.03|21:35:15] JOB complex.00015 STARTED
[05.03|21:35:15] JOB complex.00015 RUNNING
[05.03|21:36:19] JOB complex.00015 FINISHED
[05.03|21:36:20] JOB complex.00015 SUCCESSFUL
  #IRC  
  EnergyTotal          
  Disp                 
  Elstat              
  Int                 
  OI                    
  Pauli              
  StrainTotal          
  bondlength           
  frag1Strain          
  frag2Strain         

  15    
  -6.1072603259181335  
  -1.7831574235953636  
  -9.601044065580819  
  -6.409295333887059  
  -0.41371223649189287  
  5.388618284817743  
  0.30203500796892513  
  0.16866758302574958  
  0.06003430671080423  
  0.2420007012581209  

[05.03|21:36:20] JOB frag1.00016 STARTED
[05.03|21:36:20] Job frag1.00016 previously run as frag1.00005, using old results
[05.03|21:36:20] JOB frag1.00016 COPIED
[05.03|21:36:20] JOB frag2.00016 STARTED
[05.03|21:36:20] Job frag2.00016 previously run as frag2.00016, using old results
[05.03|21:36:20] JOB frag2.00016 COPIED
[05.03|21:36:20] JOB complex.00016 STARTED
[05.03|21:36:20] JOB complex.00016 RUNNING
[05.03|21:37:25] JOB complex.00016 FINISHED
[05.03|21:37:25] JOB complex.00016 SUCCESSFUL
  #IRC  
  EnergyTotal         
  Disp                 
  Elstat              
  Int                 
  OI                  
  Pauli              
  StrainTotal         
  bondlength          
  frag1Strain          
  frag2Strain          

  16    
  -6.259788408961359  
  -1.6421862959894922  
  -8.708074595413034  
  -6.561823416761346  
  -0.367784038699558  
  4.156221541716287  
  0.3020350077999865  
  0.2520008978450905  
  0.06003430671080423  
  0.24200070108918226  

[05.03|21:37:25] JOB frag1.00017 STARTED
[05.03|21:37:25] Job frag1.00017 previously run as frag1.00005, using old results
[05.03|21:37:25] JOB frag1.00017 COPIED
[05.03|21:37:25] JOB frag2.00017 STARTED
[05.03|21:37:25] Job frag2.00017 previously run as frag2.00017, using old results
[05.03|21:37:25] JOB frag2.00017 COPIED
[05.03|21:37:25] JOB complex.00017 STARTED
[05.03|21:37:25] JOB complex.00017 RUNNING
[05.03|21:38:27] JOB complex.00017 FINISHED
[05.03|21:38:27] JOB complex.00017 SUCCESSFUL
  #IRC  
  EnergyTotal       
  Disp                 
  Elstat              
  Int                 
  OI                   
  Pauli              
  StrainTotal         
  bondlength          
  frag1Strain          
  frag2Strain          

  17    
  -6.2677376512136  
  -1.5099739984928071  
  -7.945447503387766  
  -6.569772659225271  
  -0.3279934579180663  
  3.213642402804514  
  0.3020350080116714  
  0.3353342131609862  
  0.06003430671080423  
  0.24200070130086715  

[05.03|21:38:28] JOB frag1.00018 STARTED
[05.03|21:38:28] Job frag1.00018 previously run as frag1.00005, using old results
[05.03|21:38:28] JOB frag1.00018 COPIED
[05.03|21:38:28] JOB frag2.00018 STARTED
[05.03|21:38:28] Job frag2.00018 previously run as frag2.00018, using old results
[05.03|21:38:28] JOB frag2.00018 COPIED
[05.03|21:38:28] JOB complex.00018 STARTED
[05.03|21:38:28] JOB complex.00018 RUNNING
[05.03|21:39:30] JOB complex.00018 FINISHED
[05.03|21:39:30] JOB complex.00018 SUCCESSFUL
  #IRC  
  EnergyTotal         
  Disp                 
  Elstat              
  Int                 
  OI                  
  Pauli               
  StrainTotal         
  bondlength           
  frag1Strain          
  frag2Strain         

  18    
  -6.171757133160841  
  -1.3863237596119453  
  -7.289225989468826  
  -6.473792141264599  
  -0.293297235740861  
  2.4950548887289825  
  0.3020350081037577  
  0.41866753894946207  
  0.06003430671080423  
  0.2420007013929535  

[05.03|21:39:30] JOB frag1.00019 STARTED
[05.03|21:39:30] Job frag1.00019 previously run as frag1.00005, using old results
[05.03|21:39:30] JOB frag1.00019 COPIED
[05.03|21:39:30] JOB frag2.00019 STARTED
[05.03|21:39:30] Job frag2.00019 previously run as frag2.00019, using old results
[05.03|21:39:30] JOB frag2.00019 COPIED
[05.03|21:39:31] JOB complex.00019 STARTED
[05.03|21:39:31] JOB complex.00019 RUNNING
[05.03|21:40:33] JOB complex.00019 FINISHED
[05.03|21:40:33] JOB complex.00019 SUCCESSFUL
  #IRC  
  EnergyTotal        
  Disp                 
  Elstat               
  Int                  
  OI                   
  Pauli               
  StrainTotal         
  bondlength          
  frag1Strain          
  frag2Strain         

  19    
  -6.00294585988178  
  -1.2709528627697906  
  -6.7202471418864835  
  -6.3049808679164165  
  -0.2628848410820715  
  1.9491038881008955  
  0.3020350080346361  
  0.5020008551880712  
  0.06003430671080423  
  0.2420007013238319  

[05.03|21:40:33] JOB frag1.00020 STARTED
[05.03|21:40:33] Job frag1.00020 previously run as frag1.00005, using old results
[05.03|21:40:33] JOB frag1.00020 COPIED
[05.03|21:40:33] JOB frag2.00020 STARTED
[05.03|21:40:33] Job frag2.00020 previously run as frag2.00020, using old results
[05.03|21:40:33] JOB frag2.00020 COPIED
[05.03|21:40:33] JOB complex.00020 STARTED
[05.03|21:40:33] JOB complex.00020 RUNNING
[05.03|21:41:35] JOB complex.00020 FINISHED
[05.03|21:41:35] JOB complex.00020 SUCCESSFUL
  #IRC  
  EnergyTotal        
  Disp                 
  Elstat              
  Int                  
  OI                    
  Pauli               
  StrainTotal          
  bondlength          
  frag1Strain          
  frag2Strain          

  20    
  -5.78727768925928  
  -1.1635140381689806  
  -6.223131997951037  
  -6.0893126972209295  
  -0.23610480537263448  
  1.5334380049608871  
  0.30203500796164917  
  0.5853341718557585  
  0.06003430671080423  
  0.24200070125084494  

[05.03|21:41:35] JOB frag1.00021 STARTED
[05.03|21:41:35] Job frag1.00021 previously run as frag1.00005, using old results
[05.03|21:41:35] JOB frag1.00021 COPIED
[05.03|21:41:35] JOB frag2.00021 STARTED
[05.03|21:41:35] Job frag2.00021 previously run as frag2.00021, using old results
[05.03|21:41:35] JOB frag2.00021 COPIED
[05.03|21:41:35] JOB complex.00021 STARTED
[05.03|21:41:35] JOB complex.00021 RUNNING
[05.03|21:42:37] JOB complex.00021 FINISHED
[05.03|21:42:37] JOB complex.00021 SUCCESSFUL
  #IRC  
  EnergyTotal         
  Disp                 
  Elstat              
  Int                 
  OI                    
  Pauli               
  StrainTotal         
  bondlength         
  frag1Strain          
  frag2Strain          

  21    
  -5.543022144067456  
  -1.0636217893502709  
  -5.785799610806338  
  -5.845057152117099  
  -0.21244011735478832  
  1.2168042914345638  
  0.3020350080496428  
  0.668667498932761  
  0.06003430671080423  
  0.24200070133883855  

[05.03|21:42:37] JOB frag1.00022 STARTED
[05.03|21:42:37] Job frag1.00022 previously run as frag1.00005, using old results
[05.03|21:42:37] JOB frag1.00022 COPIED
[05.03|21:42:37] JOB frag2.00022 STARTED
[05.03|21:42:37] Job frag2.00022 previously run as frag2.00022, using old results
[05.03|21:42:37] JOB frag2.00022 COPIED
[05.03|21:42:38] JOB complex.00022 STARTED
[05.03|21:42:38] JOB complex.00022 RUNNING
[05.03|21:43:39] JOB complex.00022 FINISHED
[05.03|21:43:39] JOB complex.00022 SUCCESSFUL
  #IRC  
  EnergyTotal         
  Disp                 
  Elstat              
  Int                 
  OI                    
  Pauli               
  StrainTotal         
  bondlength          
  frag1Strain          
  frag2Strain          

  22    
  -5.282808685551651  
  -0.9708790996120998  
  -5.398133025213611  
  -5.584843693628124  
  -0.19146975500586294  
  0.9756381745280713  
  0.3020350080764729  
  0.7520008164005203  
  0.06003430671080423  
  0.24200070136566865  

[05.03|21:43:39] JOB frag1.00023 STARTED
[05.03|21:43:39] Job frag1.00023 previously run as frag1.00005, using old results
[05.03|21:43:39] JOB frag1.00023 COPIED
[05.03|21:43:39] JOB frag2.00023 STARTED
[05.03|21:43:39] Job frag2.00023 previously run as frag2.00023, using old results
[05.03|21:43:39] JOB frag2.00023 COPIED
[05.03|21:43:40] JOB complex.00023 STARTED
[05.03|21:43:40] JOB complex.00023 RUNNING
[05.03|21:44:41] JOB complex.00023 FINISHED
[05.03|21:44:41] JOB complex.00023 SUCCESSFUL
  #IRC  
  EnergyTotal         
  Disp                
  Elstat             
  Int                 
  OI                    
  Pauli               
  StrainTotal         
  bondlength         
  frag1Strain          
  frag2Strain          

  23    
  -5.016369264834249  
  -0.884899941517588  
  -5.05217519643427  
  -5.318404272891622  
  -0.17283445390141763  
  0.7915053204197461  
  0.3020350080573735  
  0.835334134241573  
  0.06003430671080423  
  0.24200070134656926  

[05.03|21:44:42] JOB frag1.00024 STARTED
[05.03|21:44:42] Job frag1.00024 previously run as frag1.00005, using old results
[05.03|21:44:42] JOB frag1.00024 COPIED
[05.03|21:44:42] JOB frag2.00024 STARTED
[05.03|21:44:42] Job frag2.00024 previously run as frag2.00024, using old results
[05.03|21:44:42] JOB frag2.00024 COPIED
[05.03|21:44:42] JOB complex.00024 STARTED
[05.03|21:44:42] JOB complex.00024 RUNNING
[05.03|21:45:43] JOB complex.00024 FINISHED
[05.03|21:45:43] JOB complex.00024 SUCCESSFUL
  #IRC  
  EnergyTotal         
  Disp                 
  Elstat              
  Int                 
  OI                   
  Pauli               
  StrainTotal          
  bondlength          
  frag1Strain          
  frag2Strain         

  24    
  -4.750965464141323  
  -0.8053243592229652  
  -4.741579536562284  
  -5.053000472118888  
  -0.1562351102288659  
  0.6501385047651858  
  0.30203500797756533  
  0.9186674624394833  
  0.06003430671080423  
  0.2420007012667611  

[05.03|21:45:44] JOB frag1.00025 STARTED
[05.03|21:45:44] Job frag1.00025 previously run as frag1.00005, using old results
[05.03|21:45:44] JOB frag1.00025 COPIED
[05.03|21:45:44] JOB frag2.00025 STARTED
[05.03|21:45:44] Job frag2.00025 previously run as frag2.00025, using old results
[05.03|21:45:44] JOB frag2.00025 COPIED
[05.03|21:45:44] JOB complex.00025 STARTED
[05.03|21:45:44] JOB complex.00025 RUNNING
[05.03|21:46:45] JOB complex.00025 FINISHED
[05.03|21:46:45] JOB complex.00025 SUCCESSFUL
  #IRC  
  EnergyTotal         
  Disp                 
  Elstat              
  Int                 
  OI                    
  Pauli               
  StrainTotal          
  bondlength          
  frag1Strain          
  frag2Strain          

  25    
  -4.491336391955744  
  -0.7318244397369518  
  -4.460836978371202  
  -4.793371400066095  
  -0.14142595840404182  
  0.5407159141883062  
  0.30203500811035155  
  1.0020007809787739  
  0.06003430671080423  
  0.24200070139954732  

[05.03|21:46:45] JOB frag1.00026 STARTED
[05.03|21:46:45] Job frag1.00026 previously run as frag1.00005, using old results
[05.03|21:46:46] JOB frag1.00026 COPIED
[05.03|21:46:46] JOB frag2.00026 STARTED
[05.03|21:46:46] Job frag2.00026 previously run as frag2.00026, using old results
[05.03|21:46:46] JOB frag2.00026 COPIED
[05.03|21:46:46] JOB complex.00026 STARTED
[05.03|21:46:46] JOB complex.00026 RUNNING
[05.03|21:47:46] JOB complex.00026 FINISHED
[05.03|21:47:46] JOB complex.00026 SUCCESSFUL
  #IRC  
  EnergyTotal         
  Disp                 
  Elstat              
  Int                 
  OI                   
  Pauli                
  StrainTotal          
  bondlength          
  frag1Strain          
  frag2Strain         

  26    
  -4.240309091609809  
  -0.6641017290303705  
  -4.205932318670145  
  -4.542344099633986  
  -0.1281928885659001  
  0.45588276487485513  
  0.30203500802417693  
  1.0853340998448404  
  0.06003430671080423  
  0.2420007013133727  

[05.03|21:47:46] JOB frag1.00027 STARTED
[05.03|21:47:46] Job frag1.00027 previously run as frag1.00005, using old results
[05.03|21:47:46] JOB frag1.00027 COPIED
[05.03|21:47:47] JOB frag2.00027 STARTED
[05.03|21:47:47] Job frag2.00027 previously run as frag2.00027, using old results
[05.03|21:47:47] JOB frag2.00027 COPIED
[05.03|21:47:47] JOB complex.00027 STARTED
[05.03|21:47:47] JOB complex.00027 RUNNING
[05.03|21:48:47] JOB complex.00027 FINISHED
[05.03|21:48:47] JOB complex.00027 SUCCESSFUL
  #IRC  
  EnergyTotal         
  Disp                 
  Elstat              
  Int                 
  OI                    
  Pauli               
  StrainTotal        
  bondlength          
  frag1Strain          
  frag2Strain          

  27    
  -4.000351871449976  
  -0.6018787155939441  
  -3.973295571241175  
  -4.302386879418219  
  -0.11634847640040992  
  0.3891358117690856  
  0.302035007968243  
  1.1686674290239019  
  0.06003430671080423  
  0.24200070125743878  

[05.03|21:48:47] JOB frag1.00028 STARTED
[05.03|21:48:47] Job frag1.00028 previously run as frag1.00005, using old results
[05.03|21:48:47] JOB frag1.00028 COPIED
[05.03|21:48:47] JOB frag2.00028 STARTED
[05.03|21:48:47] Job frag2.00028 previously run as frag2.00028, using old results
[05.03|21:48:47] JOB frag2.00028 COPIED
[05.03|21:48:47] JOB complex.00028 STARTED
[05.03|21:48:47] JOB complex.00028 RUNNING
[05.03|21:49:47] JOB complex.00028 FINISHED
[05.03|21:49:47] JOB complex.00028 SUCCESSFUL
  #IRC  
  EnergyTotal         
  Disp                 
  Elstat               
  Int                 
  OI                    
  Pauli               
  StrainTotal         
  bondlength          
  frag1Strain          
  frag2Strain          

  28    
  -3.773585811905887  
  -0.5448876898677381  
  -3.7600792320464027  
  -4.075620819751576  
  -0.10573702428226987  
  0.3350830607300149  
  0.3020350078456886  
  1.2520007485029474  
  0.06003430671080423  
  0.24200070113488437  

[05.03|21:49:47] JOB frag1.00029 STARTED
[05.03|21:49:47] Job frag1.00029 previously run as frag1.00005, using old results
[05.03|21:49:47] JOB frag1.00029 COPIED
[05.03|21:49:47] JOB frag2.00029 STARTED
[05.03|21:49:47] Job frag2.00029 previously run as frag2.00029, using old results
[05.03|21:49:47] JOB frag2.00029 COPIED
[05.03|21:49:48] JOB complex.00029 STARTED
[05.03|21:49:48] JOB complex.00029 RUNNING
[05.03|21:50:48] JOB complex.00029 FINISHED
[05.03|21:50:48] JOB complex.00029 SUCCESSFUL
  #IRC  
  EnergyTotal          
  Disp                 
  Elstat               
  Int                 
  OI                    
  Pauli                
  StrainTotal          
  bondlength          
  frag1Strain          
  frag2Strain         

  29    
  -3.5594780055203095  
  -0.4928602448832462  
  -3.5639728575077716  
  -3.861513013475365  
  -0.09621818320885171  
  0.29153820585839035  
  0.30203500795505533  
  1.3353340682696704  
  0.06003430671080423  
  0.2420007012442511  

[05.03|21:50:48] JOB frag1.00030 STARTED
[05.03|21:50:48] Job frag1.00030 previously run as frag1.00005, using old results
[05.03|21:50:48] JOB frag1.00030 COPIED
[05.03|21:50:48] JOB frag2.00030 STARTED
[05.03|21:50:48] Job frag2.00030 previously run as frag2.00030, using old results
[05.03|21:50:48] JOB frag2.00030 COPIED
[05.03|21:50:49] JOB complex.00030 STARTED
[05.03|21:50:49] JOB complex.00030 RUNNING
[05.03|21:51:48] JOB complex.00030 FINISHED
[05.03|21:51:48] JOB complex.00030 SUCCESSFUL
  #IRC  
  EnergyTotal          
  Disp                 
  Elstat               
  Int                 
  OI                    
  Pauli               
  StrainTotal          
  bondlength          
  frag1Strain          
  frag2Strain          

  30    
  -3.3576370514166305  
  -0.4455199293164061  
  -3.3827808999835476  
  -3.659672059379189  
  -0.08766642384864846  
  0.2562951196875921  
  0.30203500796255867  
  1.4186673983124294  
  0.06003430671080423  
  0.24200070125175444  

[05.03|21:51:48] JOB frag1.00031 STARTED
[05.03|21:51:48] Job frag1.00031 previously run as frag1.00005, using old results
[05.03|21:51:48] JOB frag1.00031 COPIED
[05.03|21:51:48] JOB frag2.00031 STARTED
[05.03|21:51:48] Job frag2.00031 previously run as frag2.00031, using old results
[05.03|21:51:48] JOB frag2.00031 COPIED
[05.03|21:51:49] JOB complex.00031 STARTED
[05.03|21:51:49] JOB complex.00031 RUNNING
[05.03|21:52:57] JOB complex.00031 FINISHED
[05.03|21:52:58] JOB complex.00031 SUCCESSFUL
  #IRC  
  EnergyTotal          
  Disp                 
  Elstat               
  Int                 
  OI                    
  Pauli               
  StrainTotal          
  bondlength          
  frag1Strain          
  frag2Strain          

  31    
  -3.1691506976873396  
  -0.4025790245803082  
  -3.2149687379303535  
  -3.471185705861583  
  -0.07997556666338894  
  0.2263375420995419  
  0.30203500817424356  
  1.5020007186202076  
  0.06003430671080423  
  0.24200070146343933  

[05.03|21:52:58] JOB frag1.00032 STARTED
[05.03|21:52:58] Job frag1.00032 previously run as frag1.00005, using old results
[05.03|21:52:58] JOB frag1.00032 COPIED
[05.03|21:52:58] JOB frag2.00032 STARTED
[05.03|21:52:58] Job frag2.00032 previously run as frag2.00032, using old results
[05.03|21:52:58] JOB frag2.00032 COPIED
[05.03|21:52:58] JOB complex.00032 STARTED
[05.03|21:52:58] JOB complex.00032 RUNNING
[05.03|21:54:04] JOB complex.00032 FINISHED
[05.03|21:54:04] JOB complex.00032 SUCCESSFUL
  #IRC  
  EnergyTotal        
  Disp                 
  Elstat               
  Int                
  OI                    
  Pauli                
  StrainTotal          
  bondlength          
  frag1Strain          
  frag2Strain          

  32    
  -2.99352717592001  
  -0.3637392343054773  
  -3.0591184573381156  
  -3.29556218393441  
  -0.07305328946235419  
  0.20034880165581412  
  0.30203500801439986  
  1.5853340391825625  
  0.06003430671080423  
  0.24200070130359563  

[05.03|21:54:04] JOB frag1.00033 STARTED
[05.03|21:54:04] Job frag1.00033 previously run as frag1.00005, using old results
[05.03|21:54:04] JOB frag1.00033 COPIED
[05.03|21:54:05] JOB frag2.00033 STARTED
[05.03|21:54:05] Job frag2.00033 previously run as frag2.00033, using old results
[05.03|21:54:05] JOB frag2.00033 COPIED
[05.03|21:54:05] JOB complex.00033 STARTED
[05.03|21:54:05] JOB complex.00033 RUNNING
[05.03|21:55:04] JOB complex.00033 FINISHED
[05.03|21:55:05] JOB complex.00033 SUCCESSFUL
  #IRC  
  EnergyTotal          
  Disp                  
  Elstat               
  Int                  
  OI                    
  Pauli                
  StrainTotal          
  bondlength         
  frag1Strain          
  frag2Strain          

  33    
  -2.8289212746278762  
  -0.32869540249781276  
  -2.9140271777275486  
  -3.1309562826959363  
  -0.06681243895651433  
  0.17857873890398712  
  0.30203500806806005  
  1.668667369989591  
  0.06003430671080423  
  0.24200070135725582  

[05.03|21:55:05] JOB frag1.00034 STARTED
[05.03|21:55:05] Job frag1.00034 previously run as frag1.00005, using old results
[05.03|21:55:05] JOB frag1.00034 COPIED
[05.03|21:55:05] JOB frag2.00034 STARTED
[05.03|21:55:05] Job frag2.00034 previously run as frag2.00034, using old results
[05.03|21:55:05] JOB frag2.00034 COPIED
[05.03|21:55:05] JOB complex.00034 STARTED
[05.03|21:55:05] JOB complex.00034 RUNNING
[05.03|21:56:03] JOB complex.00034 FINISHED
[05.03|21:56:03] JOB complex.00034 SUCCESSFUL
  #IRC  
  EnergyTotal          
  Disp                 
  Elstat              
  Int                 
  OI                    
  Pauli                
  StrainTotal          
  bondlength          
  frag1Strain          
  frag2Strain          

  34    
  -2.6751075617295736  
  -0.2971408977472617  
  -2.778608276949708  
  -2.977142569704183  
  -0.06118054229324585  
  0.15978714917474823  
  0.30203500797460947  
  1.7520006910319044  
  0.06003430671080423  
  0.24200070126380524  

[05.03|21:56:03] JOB frag1.00035 STARTED
[05.03|21:56:03] Job frag1.00035 previously run as frag1.00005, using old results
[05.03|21:56:03] JOB frag1.00035 COPIED
[05.03|21:56:04] JOB frag2.00035 STARTED
[05.03|21:56:04] Job frag2.00035 previously run as frag2.00035, using old results
[05.03|21:56:04] JOB frag2.00035 COPIED
[05.03|21:56:04] JOB complex.00035 STARTED
[05.03|21:56:04] JOB complex.00035 RUNNING
[05.03|21:57:01] JOB complex.00035 FINISHED
[05.03|21:57:01] JOB complex.00035 SUCCESSFUL
  #IRC  
  EnergyTotal          
  Disp                  
  Elstat              
  Int                 
  OI                    
  Pauli                
  StrainTotal          
  bondlength          
  frag1Strain          
  frag2Strain          

  35    
  -2.5322030521961807  
  -0.26877341902615487  
  -2.651873620637893  
  -2.834238060431815  
  -0.05609356697970765  
  0.14250254809083154  
  0.30203500823563445  
  1.8353340123005815  
  0.06003430671080423  
  0.24200070152483022  

[05.03|21:57:01] JOB frag1.00036 STARTED
[05.03|21:57:01] Job frag1.00036 previously run as frag1.00005, using old results
[05.03|21:57:01] JOB frag1.00036 COPIED
[05.03|21:57:01] JOB frag2.00036 STARTED
[05.03|21:57:01] Job frag2.00036 previously run as frag2.00036, using old results
[05.03|21:57:01] JOB frag2.00036 COPIED
[05.03|21:57:01] JOB complex.00036 STARTED
[05.03|21:57:01] JOB complex.00036 RUNNING
[05.03|21:57:58] JOB complex.00036 FINISHED
[05.03|21:57:58] JOB complex.00036 SUCCESSFUL
  #IRC  
  EnergyTotal          
  Disp                  
  Elstat               
  Int                  
  OI                    
  Pauli               
  StrainTotal         
  bondlength          
  frag1Strain          
  frag2Strain          

  36    
  -2.3987687029540914  
  -0.24330038666078246  
  -2.5331489664589566  
  -2.7008037108316123  
  -0.05149114550848112  
  0.1271367928115316  
  0.3020350078775209  
  1.9186673437871482  
  0.06003430671080423  
  0.24200070116671668  

[05.03|21:57:58] JOB frag1.00037 STARTED
[05.03|21:57:58] Job frag1.00037 previously run as frag1.00005, using old results
[05.03|21:57:58] JOB frag1.00037 COPIED
[05.03|21:57:59] JOB frag2.00037 STARTED
[05.03|21:57:59] Job frag2.00037 previously run as frag2.00037, using old results
[05.03|21:57:59] JOB frag2.00037 COPIED
[05.03|21:57:59] JOB complex.00037 STARTED
[05.03|21:57:59] JOB complex.00037 RUNNING
[05.03|21:58:56] JOB complex.00037 FINISHED
[05.03|21:58:56] JOB complex.00037 SUCCESSFUL
  #IRC  
  EnergyTotal          
  Disp                  
  Elstat              
  Int                 
  OI                     
  Pauli               
  StrainTotal          
  bondlength          
  frag1Strain          
  frag2Strain          

  37    
  -2.2736351217592166  
  -0.22044332834292193  
  -2.421786936362804  
  -2.575670129768387  
  -0.047322460612445716  
  0.1138826045231155  
  0.30203500800917027  
  2.0020006654835516  
  0.06003430671080423  
  0.24200070129836604  

[05.03|21:58:56] JOB frag1.00038 STARTED
[05.03|21:58:56] Job frag1.00038 previously run as frag1.00005, using old results
[05.03|21:58:56] JOB frag1.00038 COPIED
[05.03|21:58:57] JOB frag2.00038 STARTED
[05.03|21:58:57] Job frag2.00038 previously run as frag2.00038, using old results
[05.03|21:58:57] JOB frag2.00038 COPIED
[05.03|21:58:57] JOB complex.00038 STARTED
[05.03|21:58:57] JOB complex.00038 RUNNING
[05.03|21:59:54] JOB complex.00038 FINISHED
[05.03|21:59:54] JOB complex.00038 SUCCESSFUL
  #IRC  
  EnergyTotal        
  Disp                  
  Elstat             
  Int                 
  OI                    
  Pauli                
  StrainTotal         
  bondlength          
  frag1Strain          
  frag2Strain        

  38    
  -2.15674469999655  
  -0.19994102088617122  
  -2.31721295021279  
  -2.458779707864521  
  -0.04354394861102981  
  0.10191822601159078  
  0.3020350078679712  
  2.0853339873821266  
  0.06003430671080423  
  0.242000701157167  

[05.03|21:59:54] JOB frag1.00039 STARTED
[05.03|21:59:54] Job frag1.00039 previously run as frag1.00005, using old results
[05.03|21:59:54] JOB frag1.00039 COPIED
[05.03|21:59:54] JOB frag2.00039 STARTED
[05.03|21:59:54] Job frag2.00039 previously run as frag2.00039, using old results
[05.03|21:59:54] JOB frag2.00039 COPIED
[05.03|21:59:54] JOB complex.00039 STARTED
[05.03|21:59:54] JOB complex.00039 RUNNING
[05.03|22:00:50] JOB complex.00039 FINISHED
[05.03|22:00:51] JOB complex.00039 SUCCESSFUL
  #IRC  
  EnergyTotal         
  Disp                 
  Elstat              
  Int                 
  OI                     
  Pauli               
  StrainTotal         
  bondlength         
  frag1Strain          
  frag2Strain          

  39    
  -2.047767739678709  
  -0.1815514540541337  
  -2.218862944550698  
  -2.349802747638539  
  -0.040113741479815786  
  0.0907254135240379  
  0.3020350079598302  
  2.168667319475577  
  0.06003430671080423  
  0.24200070124902595  

[05.03|22:00:51] JOB frag1.00040 STARTED
[05.03|22:00:51] Job frag1.00040 previously run as frag1.00005, using old results
[05.03|22:00:51] JOB frag1.00040 COPIED
[05.03|22:00:51] JOB frag2.00040 STARTED
[05.03|22:00:51] Job frag2.00040 previously run as frag2.00040, using old results
[05.03|22:00:51] JOB frag2.00040 COPIED
[05.03|22:00:51] JOB complex.00040 STARTED
[05.03|22:00:51] JOB complex.00040 RUNNING
[05.03|22:01:47] JOB complex.00040 FINISHED
[05.03|22:01:47] JOB complex.00040 SUCCESSFUL
  #IRC  
  EnergyTotal          
  Disp                  
  Elstat               
  Int                  
  OI                    
  Pauli               
  StrainTotal         
  bondlength          
  frag1Strain          
  frag2Strain          

  40    
  -1.9452466491411462  
  -0.16505273201336382  
  -2.1259191829514856  
  -2.2472816572812837  
  -0.03699465145660682  
  0.0806849361700515  
  0.3020350081401375  
  2.2520006417569585  
  0.06003430671080423  
  0.24200070142933328  

[05.03|22:01:47] JOB frag1.00041 STARTED
[05.03|22:01:47] Job frag1.00041 previously run as frag1.00005, using old results
[05.03|22:01:47] JOB frag1.00041 COPIED
[05.03|22:01:47] JOB frag2.00041 STARTED
[05.03|22:01:47] Job frag2.00041 previously run as frag2.00041, using old results
[05.03|22:01:47] JOB frag2.00041 COPIED
[05.03|22:01:47] JOB complex.00041 STARTED
[05.03|22:01:47] JOB complex.00041 RUNNING
[05.03|22:02:44] JOB complex.00041 FINISHED
[05.03|22:02:44] JOB complex.00041 SUCCESSFUL
  #IRC  
  EnergyTotal          
  Disp                  
  Elstat              
  Int                  
  OI                    
  Pauli                
  StrainTotal          
  bondlength          
  frag1Strain          
  frag2Strain          

  41    
  -1.8485679132508461  
  -0.15024310937229302  
  -2.038117708310131  
  -2.1506029213300475  
  -0.03415639928896269  
  0.07191432664746096  
  0.30203500807920136  
  2.3353339642196467  
  0.06003430671080423  
  0.24200070136839713  

[05.03|22:02:44] JOB frag1.00042 STARTED
[05.03|22:02:44] Job frag1.00042 previously run as frag1.00005, using old results
[05.03|22:02:44] JOB frag1.00042 COPIED
[05.03|22:02:44] JOB frag2.00042 STARTED
[05.03|22:02:44] Job frag2.00042 previously run as frag2.00042, using old results
[05.03|22:02:44] JOB frag2.00042 COPIED
[05.03|22:02:44] JOB complex.00042 STARTED
[05.03|22:02:44] JOB complex.00042 RUNNING
[05.03|22:03:40] JOB complex.00042 FINISHED
[05.03|22:03:40] JOB complex.00042 SUCCESSFUL
  #IRC  
  EnergyTotal          
  Disp                 
  Elstat               
  Int                
  OI                    
  Pauli               
  StrainTotal         
  bondlength          
  frag1Strain          
  frag2Strain          

  42    
  -1.7578126006750572  
  -0.1369404205974069  
  -1.9554139066712277  
  -2.05984760869787  
  -0.03157107960497701  
  0.0640778304125018  
  0.3020350080228127  
  2.4186672968573264  
  0.06003430671080423  
  0.24200070131200846  

[05.03|22:03:41] JOB frag1.00043 STARTED
[05.03|22:03:41] Job frag1.00043 previously run as frag1.00005, using old results
[05.03|22:03:41] JOB frag1.00043 COPIED
[05.03|22:03:41] JOB frag2.00043 STARTED
[05.03|22:03:41] Job frag2.00043 previously run as frag2.00043, using old results
[05.03|22:03:41] JOB frag2.00043 COPIED
[05.03|22:03:41] JOB complex.00043 STARTED
[05.03|22:03:41] JOB complex.00043 RUNNING
[05.03|22:04:35] JOB complex.00043 FINISHED
[05.03|22:04:35] JOB complex.00043 SUCCESSFUL
  #IRC  
  EnergyTotal          
  Disp                  
  Elstat               
  Int                 
  OI                    
  Pauli                 
  StrainTotal          
  bondlength          
  frag1Strain          
  frag2Strain          

  43    
  -1.6728413365615578  
  -0.12498107725550661  
  -1.8774128857585515  
  -1.974876344613247  
  -0.02921280428992252  
  0.056730454119402834  
  0.30203500805168915  
  2.5020006196639777  
  0.06003430671080423  
  0.24200070134088492  

[05.03|22:04:35] JOB frag1.00044 STARTED
[05.03|22:04:35] Job frag1.00044 previously run as frag1.00005, using old results
[05.03|22:04:35] JOB frag1.00044 COPIED
[05.03|22:04:35] JOB frag2.00044 STARTED
[05.03|22:04:35] Job frag2.00044 previously run as frag2.00044, using old results
[05.03|22:04:35] JOB frag2.00044 COPIED
[05.03|22:04:35] JOB complex.00044 STARTED
[05.03|22:04:35] JOB complex.00044 RUNNING
[05.03|22:05:29] JOB complex.00044 FINISHED
[05.03|22:05:29] JOB complex.00044 SUCCESSFUL
  #IRC  
  EnergyTotal          
  Disp                  
  Elstat               
  Int                 
  OI                     
  Pauli                
  StrainTotal          
  bondlength         
  frag1Strain          
  frag2Strain          

  44    
  -1.5925978127758547  
  -0.11421878812771714  
  -1.8034077478193578  
  -1.894632820984659  
  -0.027058461732812296  
  0.05005220494632247  
  0.30203500820880436  
  2.585333942633847  
  0.06003430671080423  
  0.24200070149800013  

[05.03|22:05:30] JOB frag1.00045 STARTED
[05.03|22:05:30] Job frag1.00045 previously run as frag1.00005, using old results
[05.03|22:05:30] JOB frag1.00045 COPIED
[05.03|22:05:30] JOB frag2.00045 STARTED
[05.03|22:05:30] Job frag2.00045 previously run as frag2.00045, using old results
[05.03|22:05:30] JOB frag2.00045 COPIED
[05.03|22:05:30] JOB complex.00045 STARTED
[05.03|22:05:30] JOB complex.00045 RUNNING
[05.03|22:06:26] JOB complex.00045 FINISHED
[05.03|22:06:26] JOB complex.00045 SUCCESSFUL
  #IRC  
  EnergyTotal          
  Disp                 
  Elstat               
  Int                  
  OI                   
  Pauli                
  StrainTotal          
  bondlength          
  frag1Strain          
  frag2Strain          

  45    
  -1.5163926912966201  
  -0.1045231584639331  
  -1.7331394348373832  
  -1.8184276992669095  
  -0.0250883872198563  
  0.04432330325609303  
  0.30203500797028937  
  2.6686672757614387  
  0.06003430671080423  
  0.24200070125948514  

[05.03|22:06:27] JOB frag1.00046 STARTED
[05.03|22:06:27] Job frag1.00046 previously run as frag1.00005, using old results
[05.03|22:06:27] JOB frag1.00046 COPIED
[05.03|22:06:27] JOB frag2.00046 STARTED
[05.03|22:06:27] Job frag2.00046 previously run as frag2.00046, using old results
[05.03|22:06:27] JOB frag2.00046 COPIED
[05.03|22:06:27] JOB complex.00046 STARTED
[05.03|22:06:27] JOB complex.00046 RUNNING
[05.03|22:07:22] JOB complex.00046 FINISHED
[05.03|22:07:22] JOB complex.00046 SUCCESSFUL
  #IRC  
  EnergyTotal          
  Disp                  
  Elstat             
  Int                  
  OI                     
  Pauli                 
  StrainTotal         
  bondlength          
  frag1Strain          
  frag2Strain          

  46    
  -1.4445089292485667  
  -0.09577824456652954  
  -1.66675616228642  
  -1.7465439373173088  
  -0.023285215855741087  
  0.039275700453398996  
  0.3020350080687422  
  2.7520005990415095  
  0.06003430671080423  
  0.24200070135793794  

[05.03|22:07:22] JOB frag1.00047 STARTED
[05.03|22:07:22] Job frag1.00047 previously run as frag1.00005, using old results
[05.03|22:07:22] JOB frag1.00047 COPIED
[05.03|22:07:23] JOB frag2.00047 STARTED
[05.03|22:07:23] Job frag2.00047 previously run as frag2.00047, using old results
[05.03|22:07:23] JOB frag2.00047 COPIED
[05.03|22:07:23] JOB complex.00047 STARTED
[05.03|22:07:23] JOB complex.00047 RUNNING
[05.03|22:08:18] JOB complex.00047 FINISHED
[05.03|22:08:18] JOB complex.00047 SUCCESSFUL
  #IRC  
  EnergyTotal          
  Disp                  
  Elstat               
  Int                 
  OI                     
  Pauli                
  StrainTotal         
  bondlength          
  frag1Strain          
  frag2Strain          

  47    
  -1.3766641650751494  
  -0.08788112158443932  
  -1.6037975770819004  
  -1.678699173108194  
  -0.021632799451761404  
  0.03461233512351513  
  0.3020350080330445  
  2.8353339224690375  
  0.06003430671080423  
  0.24200070132224027  

[05.03|22:08:19] JOB frag1.00048 STARTED
[05.03|22:08:19] Job frag1.00048 previously run as frag1.00005, using old results
[05.03|22:08:19] JOB frag1.00048 COPIED
[05.03|22:08:19] JOB frag2.00048 STARTED
[05.03|22:08:19] Job frag2.00048 previously run as frag2.00048, using old results
[05.03|22:08:19] JOB frag2.00048 COPIED
[05.03|22:08:19] JOB complex.00048 STARTED
[05.03|22:08:19] JOB complex.00048 RUNNING
[05.03|22:09:14] JOB complex.00048 FINISHED
[05.03|22:09:14] JOB complex.00048 SUCCESSFUL
  #IRC  
  EnergyTotal          
  Disp                  
  Elstat               
  Int                 
  OI                    
  Pauli                 
  StrainTotal          
  bondlength          
  frag1Strain          
  frag2Strain         

  48    
  -1.3124393096341331  
  -0.08074052764208885  
  -1.5439728985305181  
  -1.614474317679001  
  -0.02011671853964571  
  0.030355832885478364  
  0.30203500804486794  
  2.9186672560392193  
  0.06003430671080423  
  0.2420007013340637  

[05.03|22:09:14] JOB frag1.00049 STARTED
[05.03|22:09:14] Job frag1.00049 previously run as frag1.00005, using old results
[05.03|22:09:14] JOB frag1.00049 COPIED
[05.03|22:09:14] JOB frag2.00049 STARTED
[05.03|22:09:14] Job frag2.00049 previously run as frag2.00049, using old results
[05.03|22:09:14] JOB frag2.00049 COPIED
[05.03|22:09:14] JOB complex.00049 STARTED
[05.03|22:09:14] JOB complex.00049 RUNNING
[05.03|22:10:09] JOB complex.00049 FINISHED
[05.03|22:10:09] JOB complex.00049 SUCCESSFUL
  #IRC  
  EnergyTotal         
  Disp                 
  Elstat               
  Int                  
  OI                    
  Pauli                
  StrainTotal          
  bondlength         
  frag1Strain          
  frag2Strain         

  49    
  -1.251431507909716  
  -0.0742755968855709  
  -1.4871579225053384  
  -1.5534665159718644  
  -0.01872390093338461  
  0.02669090779412559  
  0.30203500806214834  
  3.002000579747466  
  0.06003430671080423  
  0.2420007013513441  

[05.03|22:10:11] PLAMS run finished. Goodbye
